[2006-08-24 09:44:09][系y]System initialize
[2006-08-24 09:44:10][系y]Socket Listen start Successful.
[2006-08-24 09:44:21][系y]login by "NORVASEA","X65536"
[2006-08-24 09:44:21][系y]Login successful.
[2006-08-24 09:44:21][操作T]Send Command: <Time Synchronize>.
[2006-08-24 09:45:03][e`]Send buffer command error! Auto retry.
[2006-08-24 09:45:19][系y]System initialize
[2006-08-24 09:45:19][系y]Socket Listen start Successful.
[2006-08-24 09:45:21][系y]login by "NORVASEA","X65536"
[2006-08-24 09:45:21][系y]Login successful.
[2006-08-24 09:45:21][操作T]Send Command: <Time Synchronize>.
[2006-08-24 09:46:02][e`]Send buffer command error! Auto retry.
[2006-08-24 09:46:07][系y]System initialize
[2006-08-24 09:46:07][系y]Socket Listen start Successful.
[2006-08-24 09:46:08][系y]login by "NORVASEA","X65536"
[2006-08-24 09:46:08][系y]Login successful.
[2006-08-24 09:46:08][操作T]Send Command: <Time Synchronize>.
[2006-08-24 09:46:50][e`]Send buffer command error! Auto retry.
[2006-08-24 09:47:45][操作T]Buffer Command: <OperatorActionLog>.
[2006-08-24 09:47:54][e`]Send buffer command error! Auto retry.
[2006-08-24 09:47:54][系y]System normal exit.
[2006-08-24 09:47:54][系y]^^^^^^^^^^^^^^^^^^^^^^^^^^^^^^^^^^^^^^^^^^^^^^^^^^
[2006-08-24 09:51:09][系y]System initialize
[2006-08-24 09:51:10][系y]Socket Listen start Successful.
[2006-08-24 09:51:11][系y]Login failure!
[2006-08-24 09:51:11][操作T]Buffer Command: <OperatorActionLog>.
[2006-08-24 09:51:31][e`]Send buffer command error! Auto retry.
[2006-08-24 09:51:31][系y]System normal exit.
[2006-08-24 09:51:31][系y]^^^^^^^^^^^^^^^^^^^^^^^^^^^^^^^^^^^^^^^^^^^^^^^^^^
[2006-08-24 09:58:18][系y]System initialize
[2006-08-24 09:58:18][系y]Socket Listen start Successful.
[2006-08-24 09:58:19][系y]Login failure!
[2006-08-24 09:58:19][操作T]Buffer Command: <OperatorActionLog>.
[2006-08-24 09:58:39][e`]Send buffer command error! Auto retry.
[2006-08-24 09:58:39][系y]System normal exit.
[2006-08-24 09:58:39][系y]^^^^^^^^^^^^^^^^^^^^^^^^^^^^^^^^^^^^^^^^^^^^^^^^^^
[2006-08-24 09:59:58][系y]System initialize
[2006-08-24 09:59:58][系y]Socket Listen start Successful.
[2006-08-24 10:00:00][系y]Login failure!
[2006-08-24 10:00:01][操作T]Buffer Command: <OperatorActionLog>.
[2006-08-24 10:00:24][e`]Send buffer command error! Auto retry.
[2006-08-24 10:00:24][系y]System normal exit.
[2006-08-24 10:00:24][系y]^^^^^^^^^^^^^^^^^^^^^^^^^^^^^^^^^^^^^^^^^^^^^^^^^^
[2006-08-24 10:01:28][系y]System initialize
[2006-08-24 10:01:29][系y]Socket Listen start Successful.
[2006-08-24 10:01:30][系y]Login failure!
[2006-08-24 10:01:30][操作T]Buffer Command: <OperatorActionLog>.
[2006-08-24 10:01:50][e`]Send buffer command error! Auto retry.
[2006-08-24 10:01:50][系y]System normal exit.
[2006-08-24 10:01:50][系y]^^^^^^^^^^^^^^^^^^^^^^^^^^^^^^^^^^^^^^^^^^^^^^^^^^
[2006-08-24 10:06:32][系y]System initialize
[2006-08-24 10:06:32][系y]Socket Listen start Successful.
[2006-08-24 10:06:33][系y]Login failure!
[2006-08-24 10:06:33][操作T]Buffer Command: <OperatorActionLog>.
[2006-08-24 10:06:54][e`]Send buffer command error! Auto retry.
[2006-08-24 10:06:54][系y]System normal exit.
[2006-08-24 10:06:54][系y]^^^^^^^^^^^^^^^^^^^^^^^^^^^^^^^^^^^^^^^^^^^^^^^^^^
[2006-08-24 10:07:12][系y]System initialize
[2006-08-24 10:07:12][系y]Socket Listen start Successful.
[2006-08-24 10:07:13][系y]Login failure!
[2006-08-24 10:07:13][操作T]Buffer Command: <OperatorActionLog>.
[2006-08-24 10:07:33][e`]Send buffer command error! Auto retry.
[2006-08-24 10:07:33][系y]System normal exit.
[2006-08-24 10:07:33][系y]^^^^^^^^^^^^^^^^^^^^^^^^^^^^^^^^^^^^^^^^^^^^^^^^^^
[2006-08-24 10:08:08][系y]System initialize
[2006-08-24 10:08:08][系y]Socket Listen start Successful.
[2006-08-24 10:08:09][系y]Login failure!
[2006-08-24 10:08:09][操作T]Buffer Command: <OperatorActionLog>.
[2006-08-24 10:08:31][e`]Send buffer command error! Auto retry.
[2006-08-24 10:08:31][系y]System normal exit.
[2006-08-24 10:08:31][系y]^^^^^^^^^^^^^^^^^^^^^^^^^^^^^^^^^^^^^^^^^^^^^^^^^^
[2006-08-24 11:14:20][系y]System initialize
[2006-08-24 11:14:20][系y]Socket Listen start Successful.
[2006-08-24 11:14:21][系y]login by "NORVASEA","X65536"
[2006-08-24 11:14:21][系y]Login successful.
[2006-08-24 11:14:21][操作T]Send Command: <Time Synchronize>.
[2006-08-24 13:28:45][系y]System initialize
[2006-08-24 13:28:45][系y]Socket Listen start Successful.
[2006-08-24 13:28:47][系y]Login failure!
[2006-08-24 13:33:50][操作T]Buffer Command: <OperatorActionLog>.
[2006-08-24 13:33:50][e`]Send buffer command error! Auto retry.
[2006-08-24 13:33:50][系y]System normal exit.
[2006-08-24 13:33:50][系y]^^^^^^^^^^^^^^^^^^^^^^^^^^^^^^^^^^^^^^^^^^^^^^^^^^
[2006-08-24 14:00:48][系y]System initialize
[2006-08-24 14:00:49][系y]Socket Listen start Successful.
[2006-08-24 14:00:51][e`]Send buffer command error! Auto retry.
[2006-08-24 14:00:51][e`]Send buffer command error! Auto retry.
[2006-08-24 14:00:51][e`]Send buffer command error! Auto retry.
[2006-08-24 14:00:51][e`]Send buffer command error! Auto retry.
[2006-08-24 14:00:51][e`]Send buffer command error! Auto retry.
[2006-08-24 14:00:52][e`]Send buffer command error! Auto retry.
[2006-08-24 14:00:52][e`]Send buffer command error! Auto retry.
[2006-08-24 14:00:52][e`]Send buffer command error! Auto retry.
[2006-08-24 14:00:52][e`]Send buffer command error! Auto retry.
[2006-08-24 14:00:52][e`]Send buffer command error! Auto retry.
[2006-08-24 14:00:52][e`]Send buffer command error! Auto retry.
[2006-08-24 14:00:52][e`]Send buffer command error! Auto retry.
[2006-08-24 14:00:52][e`]Send buffer command error! Auto retry.
[2006-08-24 14:00:52][e`]Send buffer command error! Auto retry.
[2006-08-24 14:00:53][e`]Send buffer command error! Auto retry.
[2006-08-24 14:00:53][e`]Send buffer command error! Auto retry.
[2006-08-24 14:00:53][e`]Send buffer command error! Auto retry.
[2006-08-24 14:00:53][e`]Send buffer command error! Auto retry.
[2006-08-24 14:00:53][e`]Send buffer command error! Auto retry.
[2006-08-24 14:00:53][e`]Send buffer command error! Auto retry.
[2006-08-24 14:00:53][e`]Send buffer command error! Auto retry.
[2006-08-24 14:00:53][e`]Send buffer command error! Auto retry.
[2006-08-24 14:00:53][e`]Send buffer command error! Auto retry.
[2006-08-24 14:00:54][e`]Send buffer command error! Auto retry.
[2006-08-24 14:00:54][e`]Send buffer command error! Auto retry.
[2006-08-24 14:00:54][e`]Send buffer command error! Auto retry.
[2006-08-24 14:00:54][e`]Send buffer command error! Auto retry.
[2006-08-24 14:00:54][e`]Send buffer command error! Auto retry.
[2006-08-24 14:00:54][e`]Send buffer command error! Auto retry.
[2006-08-24 14:00:54][e`]Send buffer command error! Auto retry.
[2006-08-24 14:00:54][e`]Send buffer command error! Auto retry.
[2006-08-24 14:00:54][e`]Send buffer command error! Auto retry.
[2006-08-24 14:00:55][e`]Send buffer command error! Auto retry.
[2006-08-24 14:00:55][e`]Send buffer command error! Auto retry.
[2006-08-24 14:00:55][e`]Send buffer command error! Auto retry.
[2006-08-24 14:00:55][e`]Send buffer command error! Auto retry.
[2006-08-24 14:00:55][e`]Send buffer command error! Auto retry.
[2006-08-24 14:00:55][e`]Send buffer command error! Auto retry.
[2006-08-24 14:00:55][e`]Send buffer command error! Auto retry.
[2006-08-24 14:00:55][e`]Send buffer command error! Auto retry.
[2006-08-24 14:00:55][e`]Send buffer command error! Auto retry.
[2006-08-24 14:00:56][e`]Send buffer command error! Auto retry.
[2006-08-24 14:00:56][e`]Send buffer command error! Auto retry.
[2006-08-24 14:00:56][e`]Send buffer command error! Auto retry.
[2006-08-24 14:00:56][e`]Send buffer command error! Auto retry.
[2006-08-24 14:00:56][e`]Send buffer command error! Auto retry.
[2006-08-24 14:00:56][系y]Login failure!
[2006-08-24 14:00:56][e`]Send buffer command error! Auto retry.
[2006-08-24 14:00:56][e`]Send buffer command error! Auto retry.
[2006-08-24 14:00:56][e`]Send buffer command error! Auto retry.
[2006-08-24 14:00:56][e`]Send buffer command error! Auto retry.
[2006-08-24 14:00:57][e`]Send buffer command error! Auto retry.
[2006-08-24 14:00:57][e`]Send buffer command error! Auto retry.
[2006-08-24 14:00:57][e`]Send buffer command error! Auto retry.
[2006-08-24 14:00:57][e`]Send buffer command error! Auto retry.
[2006-08-24 14:00:57][e`]Send buffer command error! Auto retry.
[2006-08-24 14:00:57][e`]Send buffer command error! Auto retry.
[2006-08-24 14:00:57][e`]Send buffer command error! Auto retry.
[2006-08-24 14:00:57][e`]Send buffer command error! Auto retry.
[2006-08-24 14:00:58][e`]Send buffer command error! Auto retry.
[2006-08-24 14:00:58][e`]Send buffer command error! Auto retry.
[2006-08-24 14:00:58][e`]Send buffer command error! Auto retry.
[2006-08-24 14:00:58][e`]Send buffer command error! Auto retry.
[2006-08-24 14:00:58][e`]Send buffer command error! Auto retry.
[2006-08-24 14:00:58][e`]Send buffer command error! Auto retry.
[2006-08-24 14:00:58][e`]Send buffer command error! Auto retry.
[2006-08-24 14:00:58][e`]Send buffer command error! Auto retry.
[2006-08-24 14:00:58][e`]Send buffer command error! Auto retry.
[2006-08-24 14:00:59][e`]Send buffer command error! Auto retry.
[2006-08-24 14:00:59][e`]Send buffer command error! Auto retry.
[2006-08-24 14:00:59][e`]Send buffer command error! Auto retry.
[2006-08-24 14:00:59][e`]Send buffer command error! Auto retry.
[2006-08-24 14:00:59][e`]Send buffer command error! Auto retry.
[2006-08-24 14:00:59][e`]Send buffer command error! Auto retry.
[2006-08-24 14:00:59][e`]Send buffer command error! Auto retry.
[2006-08-24 14:00:59][e`]Send buffer command error! Auto retry.
[2006-08-24 14:00:59][e`]Send buffer command error! Auto retry.
[2006-08-24 14:01:00][e`]Send buffer command error! Auto retry.
[2006-08-24 14:01:00][e`]Send buffer command error! Auto retry.
[2006-08-24 14:01:00][e`]Send buffer command error! Auto retry.
[2006-08-24 14:01:00][e`]Send buffer command error! Auto retry.
[2006-08-24 14:01:00][e`]Send buffer command error! Auto retry.
[2006-08-24 14:01:00][e`]Send buffer command error! Auto retry.
[2006-08-24 14:01:00][e`]Send buffer command error! Auto retry.
[2006-08-24 14:01:00][e`]Send buffer command error! Auto retry.
[2006-08-24 14:01:01][e`]Send buffer command error! Auto retry.
[2006-08-24 14:01:01][e`]Send buffer command error! Auto retry.
[2006-08-24 14:01:01][e`]Send buffer command error! Auto retry.
[2006-08-24 14:01:01][e`]Send buffer command error! Auto retry.
[2006-08-24 14:01:01][e`]Send buffer command error! Auto retry.
[2006-08-24 14:01:01][e`]Send buffer command error! Auto retry.
[2006-08-24 14:01:01][e`]Send buffer command error! Auto retry.
[2006-08-24 14:01:01][e`]Send buffer command error! Auto retry.
[2006-08-24 14:01:01][e`]Send buffer command error! Auto retry.
[2006-08-24 14:01:02][e`]Send buffer command error! Auto retry.
[2006-08-24 14:01:02][e`]Send buffer command error! Auto retry.
[2006-08-24 14:01:02][e`]Send buffer command error! Auto retry.
[2006-08-24 14:01:02][e`]Send buffer command error! Auto retry.
[2006-08-24 14:01:02][e`]Send buffer command error! Auto retry.
[2006-08-24 14:01:02][e`]Send buffer command error! Auto retry.
[2006-08-24 14:01:02][e`]Send buffer command error! Auto retry.
[2006-08-24 14:01:02][e`]Send buffer command error! Auto retry.
[2006-08-24 14:01:02][e`]Send buffer command error! Auto retry.
[2006-08-24 14:01:03][e`]Send buffer command error! Auto retry.
[2006-08-24 14:01:03][e`]Send buffer command error! Auto retry.
[2006-08-24 14:01:03][e`]Send buffer command error! Auto retry.
[2006-08-24 14:01:03][e`]Send buffer command error! Auto retry.
[2006-08-24 14:01:03][e`]Send buffer command error! Auto retry.
[2006-08-24 14:01:03][e`]Send buffer command error! Auto retry.
[2006-08-24 14:01:03][e`]Send buffer command error! Auto retry.
[2006-08-24 14:01:03][e`]Send buffer command error! Auto retry.
[2006-08-24 14:01:03][e`]Send buffer command error! Auto retry.
[2006-08-24 14:01:04][e`]Send buffer command error! Auto retry.
[2006-08-24 14:01:04][e`]Send buffer command error! Auto retry.
[2006-08-24 14:01:04][e`]Send buffer command error! Auto retry.
[2006-08-24 14:01:04][e`]Send buffer command error! Auto retry.
[2006-08-24 14:01:04][e`]Send buffer command error! Auto retry.
[2006-08-24 14:01:04][e`]Send buffer command error! Auto retry.
[2006-08-24 14:01:04][e`]Send buffer command error! Auto retry.
[2006-08-24 14:01:04][e`]Send buffer command error! Auto retry.
[2006-08-24 14:01:05][e`]Send buffer command error! Auto retry.
[2006-08-24 14:01:05][e`]Send buffer command error! Auto retry.
[2006-08-24 14:01:05][e`]Send buffer command error! Auto retry.
[2006-08-24 14:01:05][e`]Send buffer command error! Auto retry.
[2006-08-24 14:01:05][e`]Send buffer command error! Auto retry.
[2006-08-24 14:01:05][e`]Send buffer command error! Auto retry.
[2006-08-24 14:01:05][e`]Send buffer command error! Auto retry.
[2006-08-24 14:01:05][e`]Send buffer command error! Auto retry.
[2006-08-24 14:01:05][e`]Send buffer command error! Auto retry.
[2006-08-24 14:01:06][e`]Send buffer command error! Auto retry.
[2006-08-24 14:01:06][e`]Send buffer command error! Auto retry.
[2006-08-24 14:01:06][e`]Send buffer command error! Auto retry.
[2006-08-24 14:01:06][e`]Send buffer command error! Auto retry.
[2006-08-24 14:01:06][e`]Send buffer command error! Auto retry.
[2006-08-24 14:01:06][e`]Send buffer command error! Auto retry.
[2006-08-24 14:01:06][e`]Send buffer command error! Auto retry.
[2006-08-24 14:01:06][e`]Send buffer command error! Auto retry.
[2006-08-24 14:01:06][e`]Send buffer command error! Auto retry.
[2006-08-24 14:01:07][e`]Send buffer command error! Auto retry.
[2006-08-24 14:01:07][e`]Send buffer command error! Auto retry.
[2006-08-24 14:01:07][e`]Send buffer command error! Auto retry.
[2006-08-24 14:01:07][e`]Send buffer command error! Auto retry.
[2006-08-24 14:01:07][e`]Send buffer command error! Auto retry.
[2006-08-24 14:01:07][e`]Send buffer command error! Auto retry.
[2006-08-24 14:01:07][e`]Send buffer command error! Auto retry.
[2006-08-24 14:01:07][e`]Send buffer command error! Auto retry.
[2006-08-24 14:01:08][e`]Send buffer command error! Auto retry.
[2006-08-24 14:01:08][e`]Send buffer command error! Auto retry.
[2006-08-24 14:01:08][e`]Send buffer command error! Auto retry.
[2006-08-24 14:01:08][e`]Send buffer command error! Auto retry.
[2006-08-24 14:01:08][e`]Send buffer command error! Auto retry.
[2006-08-24 14:01:08][e`]Send buffer command error! Auto retry.
[2006-08-24 14:01:08][e`]Send buffer command error! Auto retry.
[2006-08-24 14:01:08][e`]Send buffer command error! Auto retry.
[2006-08-24 14:01:08][e`]Send buffer command error! Auto retry.
[2006-08-24 14:01:09][e`]Send buffer command error! Auto retry.
[2006-08-24 14:01:09][e`]Send buffer command error! Auto retry.
[2006-08-24 14:01:09][e`]Send buffer command error! Auto retry.
[2006-08-24 14:01:09][e`]Send buffer command error! Auto retry.
[2006-08-24 14:01:09][e`]Send buffer command error! Auto retry.
[2006-08-24 14:01:09][e`]Send buffer command error! Auto retry.
[2006-08-24 14:01:09][e`]Send buffer command error! Auto retry.
[2006-08-24 14:01:09][e`]Send buffer command error! Auto retry.
[2006-08-24 14:01:09][e`]Send buffer command error! Auto retry.
[2006-08-24 14:01:10][e`]Send buffer command error! Auto retry.
[2006-08-24 14:01:10][e`]Send buffer command error! Auto retry.
[2006-08-24 14:01:10][e`]Send buffer command error! Auto retry.
[2006-08-24 14:01:10][e`]Send buffer command error! Auto retry.
[2006-08-24 14:01:10][e`]Send buffer command error! Auto retry.
[2006-08-24 14:01:10][e`]Send buffer command error! Auto retry.
[2006-08-24 14:01:10][e`]Send buffer command error! Auto retry.
[2006-08-24 14:01:10][e`]Send buffer command error! Auto retry.
[2006-08-24 14:01:10][e`]Send buffer command error! Auto retry.
[2006-08-24 14:01:11][e`]Send buffer command error! Auto retry.
[2006-08-24 14:01:11][e`]Send buffer command error! Auto retry.
[2006-08-24 14:01:11][e`]Send buffer command error! Auto retry.
[2006-08-24 14:01:11][e`]Send buffer command error! Auto retry.
[2006-08-24 14:01:11][e`]Send buffer command error! Auto retry.
[2006-08-24 14:01:11][e`]Send buffer command error! Auto retry.
[2006-08-24 14:01:11][e`]Send buffer command error! Auto retry.
[2006-08-24 14:01:11][e`]Send buffer command error! Auto retry.
[2006-08-24 14:01:12][e`]Send buffer command error! Auto retry.
[2006-08-24 14:01:12][e`]Send buffer command error! Auto retry.
[2006-08-24 14:01:12][e`]Send buffer command error! Auto retry.
[2006-08-24 14:01:12][e`]Send buffer command error! Auto retry.
[2006-08-24 14:01:12][e`]Send buffer command error! Auto retry.
[2006-08-24 14:01:12][e`]Send buffer command error! Auto retry.
[2006-08-24 14:01:12][e`]Send buffer command error! Auto retry.
[2006-08-24 14:01:12][e`]Send buffer command error! Auto retry.
[2006-08-24 14:01:12][e`]Send buffer command error! Auto retry.
[2006-08-24 14:01:13][e`]Send buffer command error! Auto retry.
[2006-08-24 14:01:13][e`]Send buffer command error! Auto retry.
[2006-08-24 14:01:13][e`]Send buffer command error! Auto retry.
[2006-08-24 14:01:13][e`]Send buffer command error! Auto retry.
[2006-08-24 14:01:13][e`]Send buffer command error! Auto retry.
[2006-08-24 14:01:13][e`]Send buffer command error! Auto retry.
[2006-08-24 14:01:13][e`]Send buffer command error! Auto retry.
[2006-08-24 14:01:13][e`]Send buffer command error! Auto retry.
[2006-08-24 14:01:14][e`]Send buffer command error! Auto retry.
[2006-08-24 14:01:14][e`]Send buffer command error! Auto retry.
[2006-08-24 14:01:14][e`]Send buffer command error! Auto retry.
[2006-08-24 14:01:14][e`]Send buffer command error! Auto retry.
[2006-08-24 14:01:14][e`]Send buffer command error! Auto retry.
[2006-08-24 14:01:14][e`]Send buffer command error! Auto retry.
[2006-08-24 14:01:14][e`]Send buffer command error! Auto retry.
[2006-08-24 14:01:14][e`]Send buffer command error! Auto retry.
[2006-08-24 14:01:14][e`]Send buffer command error! Auto retry.
[2006-08-24 14:01:15][e`]Send buffer command error! Auto retry.
[2006-08-24 14:01:15][e`]Send buffer command error! Auto retry.
[2006-08-24 14:01:15][e`]Send buffer command error! Auto retry.
[2006-08-24 14:01:15][e`]Send buffer command error! Auto retry.
[2006-08-24 14:01:15][e`]Send buffer command error! Auto retry.
[2006-08-24 14:01:15][e`]Send buffer command error! Auto retry.
[2006-08-24 14:01:15][e`]Send buffer command error! Auto retry.
[2006-08-24 14:01:15][e`]Send buffer command error! Auto retry.
[2006-08-24 14:01:16][e`]Send buffer command error! Auto retry.
[2006-08-24 14:01:16][e`]Send buffer command error! Auto retry.
[2006-08-24 14:01:16][e`]Send buffer command error! Auto retry.
[2006-08-24 14:01:16][e`]Send buffer command error! Auto retry.
[2006-08-24 14:01:16][e`]Send buffer command error! Auto retry.
[2006-08-24 14:01:16][e`]Send buffer command error! Auto retry.
[2006-08-24 14:01:16][e`]Send buffer command error! Auto retry.
[2006-08-24 14:01:16][e`]Send buffer command error! Auto retry.
[2006-08-24 14:01:16][e`]Send buffer command error! Auto retry.
[2006-08-24 14:01:17][e`]Send buffer command error! Auto retry.
[2006-08-24 14:01:17][e`]Send buffer command error! Auto retry.
[2006-08-24 14:01:17][e`]Send buffer command error! Auto retry.
[2006-08-24 14:01:17][e`]Send buffer command error! Auto retry.
[2006-08-24 14:01:17][e`]Send buffer command error! Auto retry.
[2006-08-24 14:01:17][e`]Send buffer command error! Auto retry.
[2006-08-24 14:01:17][e`]Send buffer command error! Auto retry.
[2006-08-24 14:01:17][e`]Send buffer command error! Auto retry.
[2006-08-24 14:01:18][e`]Send buffer command error! Auto retry.
[2006-08-24 14:01:18][e`]Send buffer command error! Auto retry.
[2006-08-24 14:01:18][e`]Send buffer command error! Auto retry.
[2006-08-24 14:01:18][e`]Send buffer command error! Auto retry.
[2006-08-24 14:01:18][e`]Send buffer command error! Auto retry.
[2006-08-24 14:01:18][e`]Send buffer command error! Auto retry.
[2006-08-24 14:01:18][e`]Send buffer command error! Auto retry.
[2006-08-24 14:01:18][e`]Send buffer command error! Auto retry.
[2006-08-24 14:01:19][e`]Send buffer command error! Auto retry.
[2006-08-24 14:01:19][e`]Send buffer command error! Auto retry.
[2006-08-24 14:01:19][e`]Send buffer command error! Auto retry.
[2006-08-24 14:01:19][e`]Send buffer command error! Auto retry.
[2006-08-24 14:01:19][e`]Send buffer command error! Auto retry.
[2006-08-24 14:01:19][e`]Send buffer command error! Auto retry.
[2006-08-24 14:01:19][e`]Send buffer command error! Auto retry.
[2006-08-24 14:01:19][e`]Send buffer command error! Auto retry.
[2006-08-24 14:01:20][e`]Send buffer command error! Auto retry.
[2006-08-24 14:01:20][e`]Send buffer command error! Auto retry.
[2006-08-24 14:01:20][e`]Send buffer command error! Auto retry.
[2006-08-24 14:01:20][e`]Send buffer command error! Auto retry.
[2006-08-24 14:01:20][e`]Send buffer command error! Auto retry.
[2006-08-24 14:06:42][系y]System initialize
[2006-08-24 14:06:42][系y]Socket Listen start Successful.
[2006-08-24 14:06:43][系y]login by "NORVASEA","X65536"
[2006-08-24 14:06:43][系y]Login successful.
[2006-08-24 14:06:43][操作T]Send Command: <Time Synchronize>.
[2006-08-24 14:06:50][e`]Send buffer command error! Auto retry.
[2006-08-24 14:06:50][e`]Send buffer command error! Auto retry.
[2006-08-24 14:06:50][e`]Send buffer command error! Auto retry.
[2006-08-24 14:06:51][e`]Send buffer command error! Auto retry.
[2006-08-24 14:06:51][e`]Send buffer command error! Auto retry.
[2006-08-24 14:06:51][e`]Send buffer command error! Auto retry.
[2006-08-24 14:06:51][e`]Send buffer command error! Auto retry.
[2006-08-24 14:06:51][e`]Send buffer command error! Auto retry.
[2006-08-24 14:06:51][e`]Send buffer command error! Auto retry.
[2006-08-24 14:06:51][e`]Send buffer command error! Auto retry.
[2006-08-24 14:06:51][e`]Send buffer command error! Auto retry.
[2006-08-24 14:06:52][e`]Send buffer command error! Auto retry.
[2006-08-24 14:06:52][e`]Send buffer command error! Auto retry.
[2006-08-24 14:06:52][e`]Send buffer command error! Auto retry.
[2006-08-24 14:06:52][e`]Send buffer command error! Auto retry.
[2006-08-24 14:06:52][e`]Send buffer command error! Auto retry.
[2006-08-24 14:06:52][e`]Send buffer command error! Auto retry.
[2006-08-24 14:06:52][e`]Send buffer command error! Auto retry.
[2006-08-24 14:06:52][e`]Send buffer command error! Auto retry.
[2006-08-24 14:06:53][e`]Send buffer command error! Auto retry.
[2006-08-24 14:06:53][e`]Send buffer command error! Auto retry.
[2006-08-24 14:06:53][e`]Send buffer command error! Auto retry.
[2006-08-24 14:06:53][e`]Send buffer command error! Auto retry.
[2006-08-24 14:06:53][e`]Send buffer command error! Auto retry.
[2006-08-24 14:06:53][e`]Send buffer command error! Auto retry.
[2006-08-24 14:06:53][e`]Send buffer command error! Auto retry.
[2006-08-24 14:06:53][e`]Send buffer command error! Auto retry.
[2006-08-24 14:06:54][e`]Send buffer command error! Auto retry.
[2006-08-24 14:06:54][e`]Send buffer command error! Auto retry.
[2006-08-24 14:06:54][e`]Send buffer command error! Auto retry.
[2006-08-24 14:06:54][e`]Send buffer command error! Auto retry.
[2006-08-24 14:06:54][e`]Send buffer command error! Auto retry.
[2006-08-24 14:06:54][e`]Send buffer command error! Auto retry.
[2006-08-24 14:06:54][e`]Send buffer command error! Auto retry.
[2006-08-24 14:06:54][e`]Send buffer command error! Auto retry.
[2006-08-24 14:06:55][e`]Send buffer command error! Auto retry.
[2006-08-24 14:06:55][e`]Send buffer command error! Auto retry.
[2006-08-24 14:06:55][e`]Send buffer command error! Auto retry.
[2006-08-24 14:06:55][e`]Send buffer command error! Auto retry.
[2006-08-24 14:06:55][e`]Send buffer command error! Auto retry.
[2006-08-24 14:06:55][e`]Send buffer command error! Auto retry.
[2006-08-24 14:06:55][e`]Send buffer command error! Auto retry.
[2006-08-24 14:06:55][e`]Send buffer command error! Auto retry.
[2006-08-24 14:06:56][e`]Send buffer command error! Auto retry.
[2006-08-24 14:06:56][e`]Send buffer command error! Auto retry.
[2006-08-24 14:06:56][e`]Send buffer command error! Auto retry.
[2006-08-24 14:06:56][e`]Send buffer command error! Auto retry.
[2006-08-24 14:06:56][e`]Send buffer command error! Auto retry.
[2006-08-24 14:06:56][e`]Send buffer command error! Auto retry.
[2006-08-24 14:06:56][e`]Send buffer command error! Auto retry.
[2006-08-24 14:06:56][e`]Send buffer command error! Auto retry.
[2006-08-24 14:06:57][e`]Send buffer command error! Auto retry.
[2006-08-24 14:06:57][e`]Send buffer command error! Auto retry.
[2006-08-24 14:06:57][e`]Send buffer command error! Auto retry.
[2006-08-24 14:06:57][e`]Send buffer command error! Auto retry.
[2006-08-24 14:06:57][e`]Send buffer command error! Auto retry.
[2006-08-24 14:06:57][e`]Send buffer command error! Auto retry.
[2006-08-24 14:06:57][e`]Send buffer command error! Auto retry.
[2006-08-24 14:06:57][e`]Send buffer command error! Auto retry.
[2006-08-24 14:06:58][e`]Send buffer command error! Auto retry.
[2006-08-24 14:06:58][e`]Send buffer command error! Auto retry.
[2006-08-24 14:06:58][e`]Send buffer command error! Auto retry.
[2006-08-24 14:06:58][e`]Send buffer command error! Auto retry.
[2006-08-24 14:06:58][e`]Send buffer command error! Auto retry.
[2006-08-24 14:06:58][e`]Send buffer command error! Auto retry.
[2006-08-24 14:06:58][e`]Send buffer command error! Auto retry.
[2006-08-24 14:06:58][e`]Send buffer command error! Auto retry.
[2006-08-24 14:06:59][e`]Send buffer command error! Auto retry.
[2006-08-24 14:06:59][e`]Send buffer command error! Auto retry.
[2006-08-24 14:06:59][e`]Send buffer command error! Auto retry.
[2006-08-24 14:06:59][e`]Send buffer command error! Auto retry.
[2006-08-24 14:06:59][e`]Send buffer command error! Auto retry.
[2006-08-24 14:06:59][e`]Send buffer command error! Auto retry.
[2006-08-24 14:06:59][e`]Send buffer command error! Auto retry.
[2006-08-24 14:07:00][e`]Send buffer command error! Auto retry.
[2006-08-24 14:07:00][e`]Send buffer command error! Auto retry.
[2006-08-24 14:07:00][e`]Send buffer command error! Auto retry.
[2006-08-24 14:07:00][e`]Send buffer command error! Auto retry.
[2006-08-24 14:07:00][e`]Send buffer command error! Auto retry.
[2006-08-24 14:07:00][e`]Send buffer command error! Auto retry.
[2006-08-24 14:07:00][e`]Send buffer command error! Auto retry.
[2006-08-24 14:07:00][e`]Send buffer command error! Auto retry.
[2006-08-24 14:07:01][e`]Send buffer command error! Auto retry.
[2006-08-24 14:07:01][e`]Send buffer command error! Auto retry.
[2006-08-24 14:07:01][e`]Send buffer command error! Auto retry.
[2006-08-24 14:07:01][e`]Send buffer command error! Auto retry.
[2006-08-24 14:07:01][e`]Send buffer command error! Auto retry.
[2006-08-24 14:07:01][e`]Send buffer command error! Auto retry.
[2006-08-24 14:07:01][e`]Send buffer command error! Auto retry.
[2006-08-24 14:07:01][e`]Send buffer command error! Auto retry.
[2006-08-24 14:07:02][e`]Send buffer command error! Auto retry.
[2006-08-24 14:07:02][e`]Send buffer command error! Auto retry.
[2006-08-24 14:07:02][e`]Send buffer command error! Auto retry.
[2006-08-24 14:07:02][e`]Send buffer command error! Auto retry.
[2006-08-24 14:07:02][e`]Send buffer command error! Auto retry.
[2006-08-24 14:07:02][e`]Send buffer command error! Auto retry.
[2006-08-24 14:07:02][e`]Send buffer command error! Auto retry.
[2006-08-24 14:07:02][e`]Send buffer command error! Auto retry.
[2006-08-24 14:07:03][e`]Send buffer command error! Auto retry.
[2006-08-24 14:07:03][e`]Send buffer command error! Auto retry.
[2006-08-24 14:07:03][e`]Send buffer command error! Auto retry.
[2006-08-24 14:07:03][e`]Send buffer command error! Auto retry.
[2006-08-24 14:07:03][e`]Send buffer command error! Auto retry.
[2006-08-24 14:07:03][e`]Send buffer command error! Auto retry.
[2006-08-24 14:07:03][e`]Send buffer command error! Auto retry.
[2006-08-24 14:07:03][e`]Send buffer command error! Auto retry.
[2006-08-24 14:07:03][e`]Send buffer command error! Auto retry.
[2006-08-24 14:07:04][e`]Send buffer command error! Auto retry.
[2006-08-24 14:07:04][e`]Send buffer command error! Auto retry.
[2006-08-24 14:07:04][e`]Send buffer command error! Auto retry.
[2006-08-24 14:07:04][e`]Send buffer command error! Auto retry.
[2006-08-24 14:07:04][e`]Send buffer command error! Auto retry.
[2006-08-24 14:07:04][e`]Send buffer command error! Auto retry.
[2006-08-24 14:07:04][e`]Send buffer command error! Auto retry.
[2006-08-24 14:07:04][e`]Send buffer command error! Auto retry.
[2006-08-24 14:07:04][e`]Send buffer command error! Auto retry.
[2006-08-24 14:07:05][e`]Send buffer command error! Auto retry.
[2006-08-24 14:07:05][e`]Send buffer command error! Auto retry.
[2006-08-24 14:07:05][e`]Send buffer command error! Auto retry.
[2006-08-24 14:07:05][e`]Send buffer command error! Auto retry.
[2006-08-24 14:07:05][e`]Send buffer command error! Auto retry.
[2006-08-24 14:07:05][e`]Send buffer command error! Auto retry.
[2006-08-24 14:07:05][e`]Send buffer command error! Auto retry.
[2006-08-24 14:07:05][e`]Send buffer command error! Auto retry.
[2006-08-24 14:07:05][e`]Send buffer command error! Auto retry.
[2006-08-24 14:07:06][e`]Send buffer command error! Auto retry.
[2006-08-24 14:07:06][e`]Send buffer command error! Auto retry.
[2006-08-24 14:07:06][e`]Send buffer command error! Auto retry.
[2006-08-24 14:07:06][e`]Send buffer command error! Auto retry.
[2006-08-24 14:07:06][e`]Send buffer command error! Auto retry.
[2006-08-24 14:07:06][e`]Send buffer command error! Auto retry.
[2006-08-24 14:07:06][e`]Send buffer command error! Auto retry.
[2006-08-24 14:07:06][e`]Send buffer command error! Auto retry.
[2006-08-24 14:07:06][e`]Send buffer command error! Auto retry.
[2006-08-24 14:07:07][e`]Send buffer command error! Auto retry.
[2006-08-24 14:07:07][e`]Send buffer command error! Auto retry.
[2006-08-24 14:07:07][e`]Send buffer command error! Auto retry.
[2006-08-24 14:07:07][e`]Send buffer command error! Auto retry.
[2006-08-24 14:07:07][e`]Send buffer command error! Auto retry.
[2006-08-24 14:07:07][e`]Send buffer command error! Auto retry.
[2006-08-24 14:07:07][e`]Send buffer command error! Auto retry.
[2006-08-24 14:07:07][e`]Send buffer command error! Auto retry.
[2006-08-24 14:07:07][e`]Send buffer command error! Auto retry.
[2006-08-24 14:07:08][e`]Send buffer command error! Auto retry.
[2006-08-24 14:07:08][e`]Send buffer command error! Auto retry.
[2006-08-24 14:07:08][e`]Send buffer command error! Auto retry.
[2006-08-24 14:07:08][e`]Send buffer command error! Auto retry.
[2006-08-24 14:07:08][e`]Send buffer command error! Auto retry.
[2006-08-24 14:07:08][e`]Send buffer command error! Auto retry.
[2006-08-24 14:07:08][e`]Send buffer command error! Auto retry.
[2006-08-24 14:07:08][e`]Send buffer command error! Auto retry.
[2006-08-24 14:07:08][e`]Send buffer command error! Auto retry.
[2006-08-24 14:07:09][e`]Send buffer command error! Auto retry.
[2006-08-24 14:07:09][e`]Send buffer command error! Auto retry.
[2006-08-24 14:07:09][e`]Send buffer command error! Auto retry.
[2006-08-24 14:07:09][e`]Send buffer command error! Auto retry.
[2006-08-24 14:07:09][e`]Send buffer command error! Auto retry.
[2006-08-24 14:07:09][e`]Send buffer command error! Auto retry.
[2006-08-24 14:07:09][e`]Send buffer command error! Auto retry.
[2006-08-24 14:07:09][e`]Send buffer command error! Auto retry.
[2006-08-24 14:07:10][e`]Send buffer command error! Auto retry.
[2006-08-24 14:07:10][e`]Send buffer command error! Auto retry.
[2006-08-24 14:07:10][e`]Send buffer command error! Auto retry.
[2006-08-24 14:07:10][e`]Send buffer command error! Auto retry.
[2006-08-24 14:07:10][e`]Send buffer command error! Auto retry.
[2006-08-24 14:07:10][e`]Send buffer command error! Auto retry.
[2006-08-24 14:07:10][e`]Send buffer command error! Auto retry.
[2006-08-24 14:07:10][e`]Send buffer command error! Auto retry.
[2006-08-24 14:07:10][e`]Send buffer command error! Auto retry.
[2006-08-24 14:07:11][e`]Send buffer command error! Auto retry.
[2006-08-24 14:07:11][e`]Send buffer command error! Auto retry.
[2006-08-24 14:07:11][e`]Send buffer command error! Auto retry.
[2006-08-24 14:07:11][e`]Send buffer command error! Auto retry.
[2006-08-24 14:07:11][e`]Send buffer command error! Auto retry.
[2006-08-24 14:07:11][e`]Send buffer command error! Auto retry.
[2006-08-24 14:07:11][e`]Send buffer command error! Auto retry.
[2006-08-24 14:07:11][e`]Send buffer command error! Auto retry.
[2006-08-24 14:07:12][e`]Send buffer command error! Auto retry.
[2006-08-24 14:07:12][e`]Send buffer command error! Auto retry.
[2006-08-24 14:07:12][e`]Send buffer command error! Auto retry.
[2006-08-24 14:07:12][e`]Send buffer command error! Auto retry.
[2006-08-24 14:07:12][e`]Send buffer command error! Auto retry.
[2006-08-24 14:07:12][e`]Send buffer command error! Auto retry.
[2006-08-24 14:07:12][e`]Send buffer command error! Auto retry.
[2006-08-24 14:07:12][e`]Send buffer command error! Auto retry.
[2006-08-24 14:07:12][e`]Send buffer command error! Auto retry.
[2006-08-24 14:07:13][e`]Send buffer command error! Auto retry.
[2006-08-24 14:07:13][e`]Send buffer command error! Auto retry.
[2006-08-24 14:07:13][e`]Send buffer command error! Auto retry.
[2006-08-24 14:07:13][e`]Send buffer command error! Auto retry.
[2006-08-24 14:07:13][e`]Send buffer command error! Auto retry.
[2006-08-24 14:07:13][e`]Send buffer command error! Auto retry.
[2006-08-24 14:07:13][e`]Send buffer command error! Auto retry.
[2006-08-24 14:07:13][e`]Send buffer command error! Auto retry.
[2006-08-24 14:07:13][e`]Send buffer command error! Auto retry.
[2006-08-24 14:07:14][e`]Send buffer command error! Auto retry.
[2006-08-24 14:07:14][e`]Send buffer command error! Auto retry.
[2006-08-24 14:07:14][e`]Send buffer command error! Auto retry.
[2006-08-24 14:07:14][e`]Send buffer command error! Auto retry.
[2006-08-24 14:07:14][e`]Send buffer command error! Auto retry.
[2006-08-24 14:07:14][e`]Send buffer command error! Auto retry.
[2006-08-24 14:07:14][e`]Send buffer command error! Auto retry.
[2006-08-24 14:07:14][e`]Send buffer command error! Auto retry.
[2006-08-24 14:07:14][e`]Send buffer command error! Auto retry.
[2006-08-24 14:07:15][e`]Send buffer command error! Auto retry.
[2006-08-24 14:07:15][e`]Send buffer command error! Auto retry.
[2006-08-24 14:07:15][e`]Send buffer command error! Auto retry.
[2006-08-24 14:07:15][e`]Send buffer command error! Auto retry.
[2006-08-24 14:07:15][e`]Send buffer command error! Auto retry.
[2006-08-24 14:07:15][e`]Send buffer command error! Auto retry.
[2006-08-24 14:07:15][e`]Send buffer command error! Auto retry.
[2006-08-24 14:07:15][e`]Send buffer command error! Auto retry.
[2006-08-24 14:07:16][e`]Send buffer command error! Auto retry.
[2006-08-24 14:07:16][e`]Send buffer command error! Auto retry.
[2006-08-24 14:07:16][e`]Send buffer command error! Auto retry.
[2006-08-24 14:07:16][e`]Send buffer command error! Auto retry.
[2006-08-24 14:07:16][e`]Send buffer command error! Auto retry.
[2006-08-24 14:07:16][e`]Send buffer command error! Auto retry.
[2006-08-24 14:07:16][e`]Send buffer command error! Auto retry.
[2006-08-24 14:07:16][e`]Send buffer command error! Auto retry.
[2006-08-24 14:07:16][e`]Send buffer command error! Auto retry.
[2006-08-24 14:07:17][e`]Send buffer command error! Auto retry.
[2006-08-24 14:07:17][e`]Send buffer command error! Auto retry.
[2006-08-24 14:07:17][e`]Send buffer command error! Auto retry.
[2006-08-24 14:07:17][e`]Send buffer command error! Auto retry.
[2006-08-24 14:07:17][e`]Send buffer command error! Auto retry.
[2006-08-24 14:07:17][e`]Send buffer command error! Auto retry.
[2006-08-24 14:07:17][e`]Send buffer command error! Auto retry.
[2006-08-24 14:07:17][e`]Send buffer command error! Auto retry.
[2006-08-24 14:07:17][e`]Send buffer command error! Auto retry.
[2006-08-24 14:07:18][e`]Send buffer command error! Auto retry.
[2006-08-24 14:07:18][e`]Send buffer command error! Auto retry.
[2006-08-24 14:07:18][e`]Send buffer command error! Auto retry.
[2006-08-24 14:07:18][e`]Send buffer command error! Auto retry.
[2006-08-24 14:07:18][e`]Send buffer command error! Auto retry.
[2006-08-24 14:07:18][e`]Send buffer command error! Auto retry.
[2006-08-24 14:07:18][e`]Send buffer command error! Auto retry.
[2006-08-24 14:07:19][e`]Send buffer command error! Auto retry.
[2006-08-24 14:07:19][e`]Send buffer command error! Auto retry.
[2006-08-24 14:07:19][e`]Send buffer command error! Auto retry.
[2006-08-24 14:07:19][e`]Send buffer command error! Auto retry.
[2006-08-24 14:07:19][e`]Send buffer command error! Auto retry.
[2006-08-24 14:07:19][e`]Send buffer command error! Auto retry.
[2006-08-24 14:07:19][e`]Send buffer command error! Auto retry.
[2006-08-24 14:07:19][e`]Send buffer command error! Auto retry.
[2006-08-24 14:07:20][e`]Send buffer command error! Auto retry.
[2006-08-24 14:07:20][e`]Send buffer command error! Auto retry.
[2006-08-24 14:07:20][e`]Send buffer command error! Auto retry.
[2006-08-24 14:07:20][e`]Send buffer command error! Auto retry.
[2006-08-24 14:07:20][e`]Send buffer command error! Auto retry.
[2006-08-24 14:07:21][e`]Send buffer command error! Auto retry.
[2006-08-24 14:07:21][e`]Send buffer command error! Auto retry.
[2006-08-24 14:07:21][e`]Send buffer command error! Auto retry.
[2006-08-24 14:07:21][e`]Send buffer command error! Auto retry.
[2006-08-24 14:07:21][e`]Send buffer command error! Auto retry.
[2006-08-24 14:07:21][e`]Send buffer command error! Auto retry.
[2006-08-24 14:07:21][e`]Send buffer command error! Auto retry.
[2006-08-24 14:07:21][e`]Send buffer command error! Auto retry.
[2006-08-24 14:07:22][e`]Send buffer command error! Auto retry.
[2006-08-24 14:07:22][e`]Send buffer command error! Auto retry.
[2006-08-24 14:07:22][e`]Send buffer command error! Auto retry.
[2006-08-24 14:07:22][e`]Send buffer command error! Auto retry.
[2006-08-24 14:07:22][e`]Send buffer command error! Auto retry.
[2006-08-24 14:07:22][e`]Send buffer command error! Auto retry.
[2006-08-24 14:07:22][e`]Send buffer command error! Auto retry.
[2006-08-24 14:07:22][e`]Send buffer command error! Auto retry.
[2006-08-24 14:07:23][e`]Send buffer command error! Auto retry.
[2006-08-24 14:07:23][e`]Send buffer command error! Auto retry.
[2006-08-24 14:07:23][e`]Send buffer command error! Auto retry.
[2006-08-24 14:07:23][e`]Send buffer command error! Auto retry.
[2006-08-24 14:07:23][e`]Send buffer command error! Auto retry.
[2006-08-24 14:07:23][e`]Send buffer command error! Auto retry.
[2006-08-24 14:07:23][e`]Send buffer command error! Auto retry.
[2006-08-24 14:07:23][e`]Send buffer command error! Auto retry.
[2006-08-24 14:07:24][e`]Send buffer command error! Auto retry.
[2006-08-24 14:07:24][e`]Send buffer command error! Auto retry.
[2006-08-24 14:07:24][e`]Send buffer command error! Auto retry.
[2006-08-24 14:07:24][e`]Send buffer command error! Auto retry.
[2006-08-24 14:07:24][e`]Send buffer command error! Auto retry.
[2006-08-24 14:07:24][e`]Send buffer command error! Auto retry.
[2006-08-24 14:07:24][e`]Send buffer command error! Auto retry.
[2006-08-24 14:07:24][e`]Send buffer command error! Auto retry.
[2006-08-24 14:07:25][e`]Send buffer command error! Auto retry.
[2006-08-24 14:07:25][e`]Send buffer command error! Auto retry.
[2006-08-24 14:07:25][e`]Send buffer command error! Auto retry.
[2006-08-24 14:07:25][e`]Send buffer command error! Auto retry.
[2006-08-24 14:07:25][e`]Send buffer command error! Auto retry.
[2006-08-24 14:07:25][e`]Send buffer command error! Auto retry.
[2006-08-24 14:07:25][e`]Send buffer command error! Auto retry.
[2006-08-24 14:07:25][e`]Send buffer command error! Auto retry.
[2006-08-24 14:07:25][e`]Send buffer command error! Auto retry.
[2006-08-24 14:07:26][e`]Send buffer command error! Auto retry.
[2006-08-24 14:07:26][e`]Send buffer command error! Auto retry.
[2006-08-24 14:07:26][e`]Send buffer command error! Auto retry.
[2006-08-24 14:07:26][e`]Send buffer command error! Auto retry.
[2006-08-24 14:07:26][e`]Send buffer command error! Auto retry.
[2006-08-24 14:07:26][e`]Send buffer command error! Auto retry.
[2006-08-24 14:07:26][e`]Send buffer command error! Auto retry.
[2006-08-24 14:07:27][e`]Send buffer command error! Auto retry.
[2006-08-24 14:07:27][e`]Send buffer command error! Auto retry.
[2006-08-24 14:07:27][e`]Send buffer command error! Auto retry.
[2006-08-24 14:07:27][e`]Send buffer command error! Auto retry.
[2006-08-24 14:07:27][e`]Send buffer command error! Auto retry.
[2006-08-24 14:07:27][e`]Send buffer command error! Auto retry.
[2006-08-24 14:07:27][e`]Send buffer command error! Auto retry.
[2006-08-24 14:07:27][e`]Send buffer command error! Auto retry.
[2006-08-24 14:07:28][e`]Send buffer command error! Auto retry.
[2006-08-24 14:07:28][e`]Send buffer command error! Auto retry.
[2006-08-24 14:07:28][e`]Send buffer command error! Auto retry.
[2006-08-24 14:07:28][e`]Send buffer command error! Auto retry.
[2006-08-24 14:07:28][e`]Send buffer command error! Auto retry.
[2006-08-24 14:07:28][e`]Send buffer command error! Auto retry.
[2006-08-24 14:07:28][e`]Send buffer command error! Auto retry.
[2006-08-24 14:07:28][e`]Send buffer command error! Auto retry.
[2006-08-24 14:07:28][e`]Send buffer command error! Auto retry.
[2006-08-24 14:07:29][e`]Send buffer command error! Auto retry.
[2006-08-24 14:07:29][e`]Send buffer command error! Auto retry.
[2006-08-24 14:07:29][e`]Send buffer command error! Auto retry.
[2006-08-24 14:07:29][e`]Send buffer command error! Auto retry.
[2006-08-24 14:07:29][e`]Send buffer command error! Auto retry.
[2006-08-24 14:07:29][e`]Send buffer command error! Auto retry.
[2006-08-24 14:07:29][e`]Send buffer command error! Auto retry.
[2006-08-24 14:07:29][e`]Send buffer command error! Auto retry.
[2006-08-24 14:07:30][e`]Send buffer command error! Auto retry.
[2006-08-24 14:07:30][e`]Send buffer command error! Auto retry.
[2006-08-24 14:07:30][e`]Send buffer command error! Auto retry.
[2006-08-24 14:07:30][e`]Send buffer command error! Auto retry.
[2006-08-24 14:07:30][e`]Send buffer command error! Auto retry.
[2006-08-24 14:07:30][e`]Send buffer command error! Auto retry.
[2006-08-24 14:07:30][e`]Send buffer command error! Auto retry.
[2006-08-24 14:07:30][e`]Send buffer command error! Auto retry.
[2006-08-24 14:07:30][e`]Send buffer command error! Auto retry.
[2006-08-24 14:07:31][e`]Send buffer command error! Auto retry.
[2006-08-24 14:07:31][e`]Send buffer command error! Auto retry.
[2006-08-24 14:07:31][e`]Send buffer command error! Auto retry.
[2006-08-24 14:07:31][e`]Send buffer command error! Auto retry.
[2006-08-24 14:07:31][e`]Send buffer command error! Auto retry.
[2006-08-24 14:07:31][e`]Send buffer command error! Auto retry.
[2006-08-24 14:07:31][e`]Send buffer command error! Auto retry.
[2006-08-24 14:07:31][e`]Send buffer command error! Auto retry.
[2006-08-24 14:07:32][e`]Send buffer command error! Auto retry.
[2006-08-24 14:07:32][e`]Send buffer command error! Auto retry.
[2006-08-24 14:07:32][e`]Send buffer command error! Auto retry.
[2006-08-24 14:07:32][e`]Send buffer command error! Auto retry.
[2006-08-24 14:07:32][e`]Send buffer command error! Auto retry.
[2006-08-24 14:07:32][e`]Send buffer command error! Auto retry.
[2006-08-24 14:07:32][e`]Send buffer command error! Auto retry.
[2006-08-24 14:07:32][e`]Send buffer command error! Auto retry.
[2006-08-24 14:07:33][e`]Send buffer command error! Auto retry.
[2006-08-24 14:07:33][e`]Send buffer command error! Auto retry.
[2006-08-24 14:07:33][e`]Send buffer command error! Auto retry.
[2006-08-24 14:07:33][e`]Send buffer command error! Auto retry.
[2006-08-24 14:07:33][e`]Send buffer command error! Auto retry.
[2006-08-24 14:07:33][e`]Send buffer command error! Auto retry.
[2006-08-24 14:07:33][e`]Send buffer command error! Auto retry.
[2006-08-24 14:07:33][e`]Send buffer command error! Auto retry.
[2006-08-24 14:07:33][e`]Send buffer command error! Auto retry.
[2006-08-24 14:07:34][e`]Send buffer command error! Auto retry.
[2006-08-24 14:07:34][e`]Send buffer command error! Auto retry.
[2006-08-24 14:07:34][e`]Send buffer command error! Auto retry.
[2006-08-24 14:07:34][e`]Send buffer command error! Auto retry.
[2006-08-24 14:07:34][e`]Send buffer command error! Auto retry.
[2006-08-24 14:07:34][e`]Send buffer command error! Auto retry.
[2006-08-24 14:07:34][e`]Send buffer command error! Auto retry.
[2006-08-24 14:07:34][e`]Send buffer command error! Auto retry.
[2006-08-24 14:07:35][e`]Send buffer command error! Auto retry.
[2006-08-24 14:07:35][e`]Send buffer command error! Auto retry.
[2006-08-24 14:07:35][e`]Send buffer command error! Auto retry.
[2006-08-24 14:07:35][e`]Send buffer command error! Auto retry.
[2006-08-24 14:07:35][e`]Send buffer command error! Auto retry.
[2006-08-24 14:07:35][e`]Send buffer command error! Auto retry.
[2006-08-24 14:07:35][e`]Send buffer command error! Auto retry.
[2006-08-24 14:07:35][e`]Send buffer command error! Auto retry.
[2006-08-24 14:07:36][e`]Send buffer command error! Auto retry.
[2006-08-24 14:07:36][e`]Send buffer command error! Auto retry.
[2006-08-24 14:07:36][e`]Send buffer command error! Auto retry.
[2006-08-24 14:07:36][e`]Send buffer command error! Auto retry.
[2006-08-24 14:07:36][e`]Send buffer command error! Auto retry.
[2006-08-24 14:07:36][e`]Send buffer command error! Auto retry.
[2006-08-24 14:07:36][e`]Send buffer command error! Auto retry.
[2006-08-24 14:07:36][e`]Send buffer command error! Auto retry.
[2006-08-24 14:07:36][e`]Send buffer command error! Auto retry.
[2006-08-24 14:07:37][e`]Send buffer command error! Auto retry.
[2006-08-24 14:07:37][e`]Send buffer command error! Auto retry.
[2006-08-24 14:07:37][e`]Send buffer command error! Auto retry.
[2006-08-24 14:07:37][e`]Send buffer command error! Auto retry.
[2006-08-24 14:07:37][e`]Send buffer command error! Auto retry.
[2006-08-24 14:07:37][e`]Send buffer command error! Auto retry.
[2006-08-24 14:07:37][e`]Send buffer command error! Auto retry.
[2006-08-24 14:07:37][e`]Send buffer command error! Auto retry.
[2006-08-24 14:07:38][e`]Send buffer command error! Auto retry.
[2006-08-24 14:07:38][e`]Send buffer command error! Auto retry.
[2006-08-24 14:07:38][e`]Send buffer command error! Auto retry.
[2006-08-24 14:07:38][e`]Send buffer command error! Auto retry.
[2006-08-24 14:07:38][e`]Send buffer command error! Auto retry.
[2006-08-24 14:07:38][e`]Send buffer command error! Auto retry.
[2006-08-24 14:07:38][e`]Send buffer command error! Auto retry.
[2006-08-24 14:07:38][e`]Send buffer command error! Auto retry.
[2006-08-24 14:07:39][e`]Send buffer command error! Auto retry.
[2006-08-24 14:07:39][e`]Send buffer command error! Auto retry.
[2006-08-24 14:07:39][e`]Send buffer command error! Auto retry.
[2006-08-24 14:07:39][e`]Send buffer command error! Auto retry.
[2006-08-24 14:07:39][e`]Send buffer command error! Auto retry.
[2006-08-24 14:07:39][e`]Send buffer command error! Auto retry.
[2006-08-24 14:07:39][e`]Send buffer command error! Auto retry.
[2006-08-24 14:07:39][e`]Send buffer command error! Auto retry.
[2006-08-24 14:07:39][e`]Send buffer command error! Auto retry.
[2006-08-24 14:07:40][e`]Send buffer command error! Auto retry.
[2006-08-24 14:07:40][e`]Send buffer command error! Auto retry.
[2006-08-24 14:07:40][e`]Send buffer command error! Auto retry.
[2006-08-24 14:07:40][e`]Send buffer command error! Auto retry.
[2006-08-24 14:07:40][e`]Send buffer command error! Auto retry.
[2006-08-24 14:07:40][e`]Send buffer command error! Auto retry.
[2006-08-24 14:07:40][e`]Send buffer command error! Auto retry.
[2006-08-24 14:07:40][e`]Send buffer command error! Auto retry.
[2006-08-24 14:07:41][e`]Send buffer command error! Auto retry.
[2006-08-24 14:07:41][e`]Send buffer command error! Auto retry.
[2006-08-24 14:07:41][e`]Send buffer command error! Auto retry.
[2006-08-24 14:07:41][e`]Send buffer command error! Auto retry.
[2006-08-24 14:07:41][e`]Send buffer command error! Auto retry.
[2006-08-24 14:07:41][e`]Send buffer command error! Auto retry.
[2006-08-24 14:07:41][e`]Send buffer command error! Auto retry.
[2006-08-24 14:07:41][e`]Send buffer command error! Auto retry.
[2006-08-24 14:07:42][e`]Send buffer command error! Auto retry.
[2006-08-24 14:07:42][e`]Send buffer command error! Auto retry.
[2006-08-24 14:07:42][e`]Send buffer command error! Auto retry.
[2006-08-24 14:07:42][e`]Send buffer command error! Auto retry.
[2006-08-24 14:07:42][e`]Send buffer command error! Auto retry.
[2006-08-24 14:07:42][e`]Send buffer command error! Auto retry.
[2006-08-24 14:07:42][e`]Send buffer command error! Auto retry.
[2006-08-24 14:07:42][e`]Send buffer command error! Auto retry.
[2006-08-24 14:07:43][e`]Send buffer command error! Auto retry.
[2006-08-24 14:07:43][e`]Send buffer command error! Auto retry.
[2006-08-24 14:07:43][e`]Send buffer command error! Auto retry.
[2006-08-24 14:07:43][e`]Send buffer command error! Auto retry.
[2006-08-24 14:07:43][e`]Send buffer command error! Auto retry.
[2006-08-24 14:07:43][e`]Send buffer command error! Auto retry.
[2006-08-24 14:07:43][e`]Send buffer command error! Auto retry.
[2006-08-24 14:07:43][e`]Send buffer command error! Auto retry.
[2006-08-24 14:07:44][e`]Send buffer command error! Auto retry.
[2006-08-24 14:07:44][e`]Send buffer command error! Auto retry.
[2006-08-24 14:07:44][e`]Send buffer command error! Auto retry.
[2006-08-24 14:07:44][e`]Send buffer command error! Auto retry.
[2006-08-24 14:07:44][e`]Send buffer command error! Auto retry.
[2006-08-24 14:07:44][e`]Send buffer command error! Auto retry.
[2006-08-24 14:07:45][e`]Send buffer command error! Auto retry.
[2006-08-24 14:07:45][e`]Send buffer command error! Auto retry.
[2006-08-24 14:07:45][e`]Send buffer command error! Auto retry.
[2006-08-24 14:07:45][e`]Send buffer command error! Auto retry.
[2006-08-24 14:07:45][e`]Send buffer command error! Auto retry.
[2006-08-24 14:07:45][e`]Send buffer command error! Auto retry.
[2006-08-24 14:07:45][e`]Send buffer command error! Auto retry.
[2006-08-24 14:07:45][e`]Send buffer command error! Auto retry.
[2006-08-24 14:07:46][e`]Send buffer command error! Auto retry.
[2006-08-24 14:07:46][e`]Send buffer command error! Auto retry.
[2006-08-24 14:07:46][e`]Send buffer command error! Auto retry.
[2006-08-24 14:07:46][e`]Send buffer command error! Auto retry.
[2006-08-24 14:07:46][e`]Send buffer command error! Auto retry.
[2006-08-24 14:07:46][e`]Send buffer command error! Auto retry.
[2006-08-24 14:07:46][e`]Send buffer command error! Auto retry.
[2006-08-24 14:07:46][e`]Send buffer command error! Auto retry.
[2006-08-24 14:07:47][e`]Send buffer command error! Auto retry.
[2006-08-24 14:07:47][e`]Send buffer command error! Auto retry.
[2006-08-24 14:07:47][e`]Send buffer command error! Auto retry.
[2006-08-24 14:07:47][e`]Send buffer command error! Auto retry.
[2006-08-24 14:07:47][e`]Send buffer command error! Auto retry.
[2006-08-24 14:07:47][e`]Send buffer command error! Auto retry.
[2006-08-24 14:07:47][e`]Send buffer command error! Auto retry.
[2006-08-24 14:07:47][e`]Send buffer command error! Auto retry.
[2006-08-24 14:07:48][e`]Send buffer command error! Auto retry.
[2006-08-24 14:07:48][e`]Send buffer command error! Auto retry.
[2006-08-24 14:07:48][e`]Send buffer command error! Auto retry.
[2006-08-24 14:07:48][e`]Send buffer command error! Auto retry.
[2006-08-24 14:07:48][e`]Send buffer command error! Auto retry.
[2006-08-24 14:07:48][e`]Send buffer command error! Auto retry.
[2006-08-24 14:07:48][e`]Send buffer command error! Auto retry.
[2006-08-24 14:07:48][e`]Send buffer command error! Auto retry.
[2006-08-24 14:07:52][e`]Send buffer command error! Auto retry.
[2006-08-24 14:07:52][e`]Send buffer command error! Auto retry.
[2006-08-24 14:07:52][e`]Send buffer command error! Auto retry.
[2006-08-24 14:07:52][e`]Send buffer command error! Auto retry.
[2006-08-24 14:07:53][e`]Send buffer command error! Auto retry.
[2006-08-24 14:07:53][e`]Send buffer command error! Auto retry.
[2006-08-24 14:07:53][e`]Send buffer command error! Auto retry.
[2006-08-24 14:07:53][e`]Send buffer command error! Auto retry.
[2006-08-24 14:07:53][e`]Send buffer command error! Auto retry.
[2006-08-24 14:07:53][e`]Send buffer command error! Auto retry.
[2006-08-24 14:07:53][e`]Send buffer command error! Auto retry.
[2006-08-24 14:07:53][e`]Send buffer command error! Auto retry.
[2006-08-24 14:07:53][e`]Send buffer command error! Auto retry.
[2006-08-24 14:07:54][e`]Send buffer command error! Auto retry.
[2006-08-24 14:07:54][e`]Send buffer command error! Auto retry.
[2006-08-24 14:07:54][e`]Send buffer command error! Auto retry.
[2006-08-24 14:07:54][e`]Send buffer command error! Auto retry.
[2006-08-24 14:07:54][e`]Send buffer command error! Auto retry.
[2006-08-24 14:07:54][e`]Send buffer command error! Auto retry.
[2006-08-24 14:07:54][e`]Send buffer command error! Auto retry.
[2006-08-24 14:07:54][e`]Send buffer command error! Auto retry.
[2006-08-24 14:07:54][e`]Send buffer command error! Auto retry.
[2006-08-24 14:07:55][e`]Send buffer command error! Auto retry.
[2006-08-24 14:07:55][e`]Send buffer command error! Auto retry.
[2006-08-24 14:07:55][e`]Send buffer command error! Auto retry.
[2006-08-24 14:07:55][e`]Send buffer command error! Auto retry.
[2006-08-24 14:07:55][e`]Send buffer command error! Auto retry.
[2006-08-24 14:07:55][e`]Send buffer command error! Auto retry.
[2006-08-24 14:07:55][e`]Send buffer command error! Auto retry.
[2006-08-24 14:07:55][e`]Send buffer command error! Auto retry.
[2006-08-24 14:07:55][e`]Send buffer command error! Auto retry.
[2006-08-24 14:07:56][e`]Send buffer command error! Auto retry.
[2006-08-24 14:07:56][e`]Send buffer command error! Auto retry.
[2006-08-24 14:07:56][e`]Send buffer command error! Auto retry.
[2006-08-24 14:07:56][e`]Send buffer command error! Auto retry.
[2006-08-24 14:07:56][e`]Send buffer command error! Auto retry.
[2006-08-24 14:07:56][e`]Send buffer command error! Auto retry.
[2006-08-24 14:07:56][e`]Send buffer command error! Auto retry.
[2006-08-24 14:07:56][e`]Send buffer command error! Auto retry.
[2006-08-24 14:07:56][e`]Send buffer command error! Auto retry.
[2006-08-24 14:07:57][e`]Send buffer command error! Auto retry.
[2006-08-24 14:07:57][e`]Send buffer command error! Auto retry.
[2006-08-24 14:07:57][e`]Send buffer command error! Auto retry.
[2006-08-24 14:07:57][e`]Send buffer command error! Auto retry.
[2006-08-24 14:07:57][e`]Send buffer command error! Auto retry.
[2006-08-24 14:07:57][e`]Send buffer command error! Auto retry.
[2006-08-24 14:07:57][e`]Send buffer command error! Auto retry.
[2006-08-24 14:07:57][e`]Send buffer command error! Auto retry.
[2006-08-24 14:07:58][e`]Send buffer command error! Auto retry.
[2006-08-24 14:07:58][e`]Send buffer command error! Auto retry.
[2006-08-24 14:07:58][e`]Send buffer command error! Auto retry.
[2006-08-24 14:07:58][e`]Send buffer command error! Auto retry.
[2006-08-24 14:07:58][e`]Send buffer command error! Auto retry.
[2006-08-24 14:07:58][e`]Send buffer command error! Auto retry.
[2006-08-24 14:07:58][e`]Send buffer command error! Auto retry.
[2006-08-24 14:07:58][e`]Send buffer command error! Auto retry.
[2006-08-24 14:07:58][e`]Send buffer command error! Auto retry.
[2006-08-24 14:07:59][e`]Send buffer command error! Auto retry.
[2006-08-24 14:07:59][e`]Send buffer command error! Auto retry.
[2006-08-24 14:07:59][e`]Send buffer command error! Auto retry.
[2006-08-24 14:07:59][e`]Send buffer command error! Auto retry.
[2006-08-24 14:07:59][e`]Send buffer command error! Auto retry.
[2006-08-24 14:07:59][e`]Send buffer command error! Auto retry.
[2006-08-24 14:07:59][e`]Send buffer command error! Auto retry.
[2006-08-24 14:07:59][e`]Send buffer command error! Auto retry.
[2006-08-24 14:07:59][e`]Send buffer command error! Auto retry.
[2006-08-24 14:08:00][e`]Send buffer command error! Auto retry.
[2006-08-24 14:08:00][e`]Send buffer command error! Auto retry.
[2006-08-24 14:08:00][e`]Send buffer command error! Auto retry.
[2006-08-24 14:08:00][e`]Send buffer command error! Auto retry.
[2006-08-24 14:08:00][e`]Send buffer command error! Auto retry.
[2006-08-24 14:08:00][e`]Send buffer command error! Auto retry.
[2006-08-24 14:08:00][e`]Send buffer command error! Auto retry.
[2006-08-24 14:08:00][e`]Send buffer command error! Auto retry.
[2006-08-24 14:08:01][e`]Send buffer command error! Auto retry.
[2006-08-24 14:08:01][e`]Send buffer command error! Auto retry.
[2006-08-24 14:08:01][e`]Send buffer command error! Auto retry.
[2006-08-24 14:08:01][e`]Send buffer command error! Auto retry.
[2006-08-24 14:08:01][e`]Send buffer command error! Auto retry.
[2006-08-24 14:08:01][e`]Send buffer command error! Auto retry.
[2006-08-24 14:08:01][e`]Send buffer command error! Auto retry.
[2006-08-24 14:08:01][e`]Send buffer command error! Auto retry.
[2006-08-24 14:08:02][e`]Send buffer command error! Auto retry.
[2006-08-24 14:08:02][e`]Send buffer command error! Auto retry.
[2006-08-24 14:08:02][e`]Send buffer command error! Auto retry.
[2006-08-24 14:08:02][e`]Send buffer command error! Auto retry.
[2006-08-24 14:08:02][e`]Send buffer command error! Auto retry.
[2006-08-24 14:08:02][e`]Send buffer command error! Auto retry.
[2006-08-24 14:08:02][e`]Send buffer command error! Auto retry.
[2006-08-24 14:08:02][e`]Send buffer command error! Auto retry.
[2006-08-24 14:08:03][e`]Send buffer command error! Auto retry.
[2006-08-24 14:08:03][e`]Send buffer command error! Auto retry.
[2006-08-24 14:08:03][e`]Send buffer command error! Auto retry.
[2006-08-24 14:08:03][e`]Send buffer command error! Auto retry.
[2006-08-24 14:08:03][e`]Send buffer command error! Auto retry.
[2006-08-24 14:08:03][e`]Send buffer command error! Auto retry.
[2006-08-24 14:08:03][e`]Send buffer command error! Auto retry.
[2006-08-24 14:08:03][e`]Send buffer command error! Auto retry.
[2006-08-24 14:08:04][e`]Send buffer command error! Auto retry.
[2006-08-24 14:08:04][e`]Send buffer command error! Auto retry.
[2006-08-24 14:08:04][e`]Send buffer command error! Auto retry.
[2006-08-24 14:08:04][e`]Send buffer command error! Auto retry.
[2006-08-24 14:08:04][e`]Send buffer command error! Auto retry.
[2006-08-24 14:08:04][e`]Send buffer command error! Auto retry.
[2006-08-24 14:08:04][e`]Send buffer command error! Auto retry.
[2006-08-24 14:08:04][e`]Send buffer command error! Auto retry.
[2006-08-24 14:08:05][e`]Send buffer command error! Auto retry.
[2006-08-24 14:08:05][e`]Send buffer command error! Auto retry.
[2006-08-24 14:08:05][e`]Send buffer command error! Auto retry.
[2006-08-24 14:08:05][e`]Send buffer command error! Auto retry.
[2006-08-24 14:08:05][e`]Send buffer command error! Auto retry.
[2006-08-24 14:08:05][e`]Send buffer command error! Auto retry.
[2006-08-24 14:08:05][e`]Send buffer command error! Auto retry.
[2006-08-24 14:08:05][e`]Send buffer command error! Auto retry.
[2006-08-24 14:08:06][e`]Send buffer command error! Auto retry.
[2006-08-24 14:08:06][e`]Send buffer command error! Auto retry.
[2006-08-24 14:08:06][e`]Send buffer command error! Auto retry.
[2006-08-24 14:08:06][e`]Send buffer command error! Auto retry.
[2006-08-24 14:08:06][e`]Send buffer command error! Auto retry.
[2006-08-24 14:08:06][e`]Send buffer command error! Auto retry.
[2006-08-24 14:08:06][e`]Send buffer command error! Auto retry.
[2006-08-24 14:08:06][e`]Send buffer command error! Auto retry.
[2006-08-24 14:08:07][e`]Send buffer command error! Auto retry.
[2006-08-24 14:08:07][e`]Send buffer command error! Auto retry.
[2006-08-24 14:08:07][e`]Send buffer command error! Auto retry.
[2006-08-24 14:08:07][e`]Send buffer command error! Auto retry.
[2006-08-24 14:08:07][e`]Send buffer command error! Auto retry.
[2006-08-24 14:08:07][e`]Send buffer command error! Auto retry.
[2006-08-24 14:08:07][e`]Send buffer command error! Auto retry.
[2006-08-24 14:08:07][e`]Send buffer command error! Auto retry.
[2006-08-24 14:08:08][e`]Send buffer command error! Auto retry.
[2006-08-24 14:08:08][e`]Send buffer command error! Auto retry.
[2006-08-24 14:08:08][e`]Send buffer command error! Auto retry.
[2006-08-24 14:08:08][e`]Send buffer command error! Auto retry.
[2006-08-24 14:08:08][e`]Send buffer command error! Auto retry.
[2006-08-24 14:08:08][e`]Send buffer command error! Auto retry.
[2006-08-24 14:08:08][e`]Send buffer command error! Auto retry.
[2006-08-24 14:08:08][e`]Send buffer command error! Auto retry.
[2006-08-24 14:08:09][e`]Send buffer command error! Auto retry.
[2006-08-24 14:08:09][e`]Send buffer command error! Auto retry.
[2006-08-24 14:08:09][e`]Send buffer command error! Auto retry.
[2006-08-24 14:08:09][e`]Send buffer command error! Auto retry.
[2006-08-24 14:08:09][e`]Send buffer command error! Auto retry.
[2006-08-24 14:08:09][e`]Send buffer command error! Auto retry.
[2006-08-24 14:08:09][e`]Send buffer command error! Auto retry.
[2006-08-24 14:08:09][e`]Send buffer command error! Auto retry.
[2006-08-24 14:08:10][e`]Send buffer command error! Auto retry.
[2006-08-24 14:08:10][e`]Send buffer command error! Auto retry.
[2006-08-24 14:08:10][e`]Send buffer command error! Auto retry.
[2006-08-24 14:08:10][e`]Send buffer command error! Auto retry.
[2006-08-24 14:08:10][e`]Send buffer command error! Auto retry.
[2006-08-24 14:08:10][e`]Send buffer command error! Auto retry.
[2006-08-24 14:08:10][e`]Send buffer command error! Auto retry.
[2006-08-24 14:08:10][e`]Send buffer command error! Auto retry.
[2006-08-24 14:08:11][e`]Send buffer command error! Auto retry.
[2006-08-24 14:08:11][e`]Send buffer command error! Auto retry.
[2006-08-24 14:08:11][e`]Send buffer command error! Auto retry.
[2006-08-24 14:08:11][e`]Send buffer command error! Auto retry.
[2006-08-24 14:08:11][e`]Send buffer command error! Auto retry.
[2006-08-24 14:08:11][e`]Send buffer command error! Auto retry.
[2006-08-24 14:08:11][e`]Send buffer command error! Auto retry.
[2006-08-24 14:08:11][e`]Send buffer command error! Auto retry.
[2006-08-24 14:08:11][e`]Send buffer command error! Auto retry.
[2006-08-24 14:08:12][e`]Send buffer command error! Auto retry.
[2006-08-24 14:08:12][e`]Send buffer command error! Auto retry.
[2006-08-24 14:08:12][e`]Send buffer command error! Auto retry.
[2006-08-24 14:08:12][e`]Send buffer command error! Auto retry.
[2006-08-24 14:08:12][e`]Send buffer command error! Auto retry.
[2006-08-24 14:08:12][e`]Send buffer command error! Auto retry.
[2006-08-24 14:08:12][e`]Send buffer command error! Auto retry.
[2006-08-24 14:08:12][e`]Send buffer command error! Auto retry.
[2006-08-24 14:08:13][e`]Send buffer command error! Auto retry.
[2006-08-24 14:08:13][e`]Send buffer command error! Auto retry.
[2006-08-24 14:08:13][e`]Send buffer command error! Auto retry.
[2006-08-24 14:08:13][e`]Send buffer command error! Auto retry.
[2006-08-24 14:08:13][e`]Send buffer command error! Auto retry.
[2006-08-24 14:08:13][e`]Send buffer command error! Auto retry.
[2006-08-24 14:08:13][e`]Send buffer command error! Auto retry.
[2006-08-24 14:08:13][e`]Send buffer command error! Auto retry.
[2006-08-24 14:08:14][e`]Send buffer command error! Auto retry.
[2006-08-24 14:08:14][e`]Send buffer command error! Auto retry.
[2006-08-24 14:08:14][e`]Send buffer command error! Auto retry.
[2006-08-24 14:08:14][e`]Send buffer command error! Auto retry.
[2006-08-24 14:08:14][e`]Send buffer command error! Auto retry.
[2006-08-24 14:08:14][e`]Send buffer command error! Auto retry.
[2006-08-24 14:08:14][e`]Send buffer command error! Auto retry.
[2006-08-24 14:08:14][e`]Send buffer command error! Auto retry.
[2006-08-24 14:08:15][e`]Send buffer command error! Auto retry.
[2006-08-24 14:08:15][e`]Send buffer command error! Auto retry.
[2006-08-24 14:08:15][e`]Send buffer command error! Auto retry.
[2006-08-24 14:08:15][e`]Send buffer command error! Auto retry.
[2006-08-24 14:08:15][e`]Send buffer command error! Auto retry.
[2006-08-24 14:08:15][e`]Send buffer command error! Auto retry.
[2006-08-24 14:08:15][e`]Send buffer command error! Auto retry.
[2006-08-24 14:08:15][e`]Send buffer command error! Auto retry.
[2006-08-24 14:08:16][e`]Send buffer command error! Auto retry.
[2006-08-24 14:08:16][e`]Send buffer command error! Auto retry.
[2006-08-24 14:08:16][e`]Send buffer command error! Auto retry.
[2006-08-24 14:08:16][e`]Send buffer command error! Auto retry.
[2006-08-24 14:08:16][e`]Send buffer command error! Auto retry.
[2006-08-24 14:08:16][e`]Send buffer command error! Auto retry.
[2006-08-24 14:08:16][e`]Send buffer command error! Auto retry.
[2006-08-24 14:08:16][e`]Send buffer command error! Auto retry.
[2006-08-24 14:08:17][e`]Send buffer command error! Auto retry.
[2006-08-24 14:08:17][e`]Send buffer command error! Auto retry.
[2006-08-24 14:08:17][e`]Send buffer command error! Auto retry.
[2006-08-24 14:08:17][e`]Send buffer command error! Auto retry.
[2006-08-24 14:08:17][e`]Send buffer command error! Auto retry.
[2006-08-24 14:08:17][e`]Send buffer command error! Auto retry.
[2006-08-24 14:08:17][e`]Send buffer command error! Auto retry.
[2006-08-24 14:08:17][e`]Send buffer command error! Auto retry.
[2006-08-24 14:08:18][e`]Send buffer command error! Auto retry.
[2006-08-24 14:08:18][e`]Send buffer command error! Auto retry.
[2006-08-24 14:08:18][e`]Send buffer command error! Auto retry.
[2006-08-24 14:08:18][e`]Send buffer command error! Auto retry.
[2006-08-24 14:08:18][e`]Send buffer command error! Auto retry.
[2006-08-24 14:08:18][e`]Send buffer command error! Auto retry.
[2006-08-24 14:08:18][e`]Send buffer command error! Auto retry.
[2006-08-24 14:08:18][e`]Send buffer command error! Auto retry.
[2006-08-24 14:08:19][e`]Send buffer command error! Auto retry.
[2006-08-24 14:08:19][e`]Send buffer command error! Auto retry.
[2006-08-24 14:08:19][e`]Send buffer command error! Auto retry.
[2006-08-24 14:08:19][e`]Send buffer command error! Auto retry.
[2006-08-24 14:08:19][e`]Send buffer command error! Auto retry.
[2006-08-24 14:08:19][e`]Send buffer command error! Auto retry.
[2006-08-24 14:08:19][e`]Send buffer command error! Auto retry.
[2006-08-24 14:08:19][e`]Send buffer command error! Auto retry.
[2006-08-24 14:08:20][e`]Send buffer command error! Auto retry.
[2006-08-24 14:08:20][e`]Send buffer command error! Auto retry.
[2006-08-24 14:08:20][e`]Send buffer command error! Auto retry.
[2006-08-24 14:08:20][e`]Send buffer command error! Auto retry.
[2006-08-24 14:08:20][e`]Send buffer command error! Auto retry.
[2006-08-24 14:08:20][e`]Send buffer command error! Auto retry.
[2006-08-24 14:08:20][e`]Send buffer command error! Auto retry.
[2006-08-24 14:08:20][e`]Send buffer command error! Auto retry.
[2006-08-24 14:08:21][e`]Send buffer command error! Auto retry.
[2006-08-24 14:08:21][e`]Send buffer command error! Auto retry.
[2006-08-24 14:08:21][e`]Send buffer command error! Auto retry.
[2006-08-24 14:08:21][e`]Send buffer command error! Auto retry.
[2006-08-24 14:08:21][e`]Send buffer command error! Auto retry.
[2006-08-24 14:08:21][e`]Send buffer command error! Auto retry.
[2006-08-24 14:08:21][e`]Send buffer command error! Auto retry.
[2006-08-24 14:08:22][e`]Send buffer command error! Auto retry.
[2006-08-24 14:08:22][e`]Send buffer command error! Auto retry.
[2006-08-24 14:08:22][e`]Send buffer command error! Auto retry.
[2006-08-24 14:08:22][e`]Send buffer command error! Auto retry.
[2006-08-24 14:08:22][e`]Send buffer command error! Auto retry.
[2006-08-24 14:08:22][e`]Send buffer command error! Auto retry.
[2006-08-24 14:08:22][e`]Send buffer command error! Auto retry.
[2006-08-24 14:08:22][e`]Send buffer command error! Auto retry.
[2006-08-24 14:08:22][e`]Send buffer command error! Auto retry.
[2006-08-24 14:08:23][e`]Send buffer command error! Auto retry.
[2006-08-24 14:08:23][e`]Send buffer command error! Auto retry.
[2006-08-24 14:08:23][e`]Send buffer command error! Auto retry.
[2006-08-24 14:08:23][e`]Send buffer command error! Auto retry.
[2006-08-24 14:08:23][e`]Send buffer command error! Auto retry.
[2006-08-24 14:08:23][e`]Send buffer command error! Auto retry.
[2006-08-24 14:08:23][e`]Send buffer command error! Auto retry.
[2006-08-24 14:08:23][e`]Send buffer command error! Auto retry.
[2006-08-24 14:08:24][e`]Send buffer command error! Auto retry.
[2006-08-24 14:08:24][e`]Send buffer command error! Auto retry.
[2006-08-24 14:08:24][e`]Send buffer command error! Auto retry.
[2006-08-24 14:08:24][e`]Send buffer command error! Auto retry.
[2006-08-24 14:08:24][e`]Send buffer command error! Auto retry.
[2006-08-24 14:08:24][e`]Send buffer command error! Auto retry.
[2006-08-24 14:08:24][e`]Send buffer command error! Auto retry.
[2006-08-24 14:08:24][e`]Send buffer command error! Auto retry.
[2006-08-24 14:08:24][e`]Send buffer command error! Auto retry.
[2006-08-24 14:08:25][e`]Send buffer command error! Auto retry.
[2006-08-24 14:08:25][e`]Send buffer command error! Auto retry.
[2006-08-24 14:08:25][e`]Send buffer command error! Auto retry.
[2006-08-24 14:08:25][e`]Send buffer command error! Auto retry.
[2006-08-24 14:08:25][e`]Send buffer command error! Auto retry.
[2006-08-24 14:08:25][e`]Send buffer command error! Auto retry.
[2006-08-24 14:08:25][e`]Send buffer command error! Auto retry.
[2006-08-24 14:08:25][e`]Send buffer command error! Auto retry.
[2006-08-24 14:08:25][e`]Send buffer command error! Auto retry.
[2006-08-24 14:08:26][e`]Send buffer command error! Auto retry.
[2006-08-24 14:08:26][e`]Send buffer command error! Auto retry.
[2006-08-24 14:08:26][e`]Send buffer command error! Auto retry.
[2006-08-24 14:08:26][e`]Send buffer command error! Auto retry.
[2006-08-24 14:08:26][e`]Send buffer command error! Auto retry.
[2006-08-24 14:08:26][e`]Send buffer command error! Auto retry.
[2006-08-24 14:08:26][e`]Send buffer command error! Auto retry.
[2006-08-24 14:08:26][e`]Send buffer command error! Auto retry.
[2006-08-24 14:08:26][e`]Send buffer command error! Auto retry.
[2006-08-24 14:08:27][e`]Send buffer command error! Auto retry.
[2006-08-24 14:08:27][e`]Send buffer command error! Auto retry.
[2006-08-24 14:08:27][e`]Send buffer command error! Auto retry.
[2006-08-24 14:08:27][e`]Send buffer command error! Auto retry.
[2006-08-24 14:08:27][e`]Send buffer command error! Auto retry.
[2006-08-24 14:08:27][e`]Send buffer command error! Auto retry.
[2006-08-24 14:08:27][e`]Send buffer command error! Auto retry.
[2006-08-24 14:08:27][e`]Send buffer command error! Auto retry.
[2006-08-24 14:08:27][e`]Send buffer command error! Auto retry.
[2006-08-24 14:08:28][e`]Send buffer command error! Auto retry.
[2006-08-24 14:08:28][e`]Send buffer command error! Auto retry.
[2006-08-24 14:08:28][e`]Send buffer command error! Auto retry.
[2006-08-24 14:08:28][e`]Send buffer command error! Auto retry.
[2006-08-24 14:08:28][e`]Send buffer command error! Auto retry.
[2006-08-24 14:08:28][e`]Send buffer command error! Auto retry.
[2006-08-24 14:08:28][e`]Send buffer command error! Auto retry.
[2006-08-24 14:08:28][e`]Send buffer command error! Auto retry.
[2006-08-24 14:08:28][e`]Send buffer command error! Auto retry.
[2006-08-24 14:08:29][e`]Send buffer command error! Auto retry.
[2006-08-24 14:08:29][e`]Send buffer command error! Auto retry.
[2006-08-24 14:08:29][e`]Send buffer command error! Auto retry.
[2006-08-24 14:08:29][e`]Send buffer command error! Auto retry.
[2006-08-24 14:08:29][e`]Send buffer command error! Auto retry.
[2006-08-24 14:08:29][e`]Send buffer command error! Auto retry.
[2006-08-24 14:08:29][e`]Send buffer command error! Auto retry.
[2006-08-24 14:08:29][e`]Send buffer command error! Auto retry.
[2006-08-24 14:08:29][e`]Send buffer command error! Auto retry.
[2006-08-24 14:08:30][e`]Send buffer command error! Auto retry.
[2006-08-24 14:08:30][e`]Send buffer command error! Auto retry.
[2006-08-24 14:08:30][e`]Send buffer command error! Auto retry.
[2006-08-24 14:08:30][e`]Send buffer command error! Auto retry.
[2006-08-24 14:08:30][e`]Send buffer command error! Auto retry.
[2006-08-24 14:08:30][e`]Send buffer command error! Auto retry.
[2006-08-24 14:08:30][e`]Send buffer command error! Auto retry.
[2006-08-24 14:08:30][e`]Send buffer command error! Auto retry.
[2006-08-24 14:08:30][e`]Send buffer command error! Auto retry.
[2006-08-24 14:08:31][e`]Send buffer command error! Auto retry.
[2006-08-24 14:08:31][e`]Send buffer command error! Auto retry.
[2006-08-24 14:08:31][e`]Send buffer command error! Auto retry.
[2006-08-24 14:08:31][e`]Send buffer command error! Auto retry.
[2006-08-24 14:08:31][e`]Send buffer command error! Auto retry.
[2006-08-24 14:08:31][e`]Send buffer command error! Auto retry.
[2006-08-24 14:08:31][e`]Send buffer command error! Auto retry.
[2006-08-24 14:08:31][e`]Send buffer command error! Auto retry.
[2006-08-24 14:08:31][e`]Send buffer command error! Auto retry.
[2006-08-24 14:08:32][e`]Send buffer command error! Auto retry.
[2006-08-24 14:08:32][e`]Send buffer command error! Auto retry.
[2006-08-24 14:08:32][e`]Send buffer command error! Auto retry.
[2006-08-24 14:08:32][e`]Send buffer command error! Auto retry.
[2006-08-24 14:08:32][e`]Send buffer command error! Auto retry.
[2006-08-24 14:08:32][e`]Send buffer command error! Auto retry.
[2006-08-24 14:08:32][e`]Send buffer command error! Auto retry.
[2006-08-24 14:08:32][e`]Send buffer command error! Auto retry.
[2006-08-24 14:08:32][e`]Send buffer command error! Auto retry.
[2006-08-24 14:08:33][e`]Send buffer command error! Auto retry.
[2006-08-24 14:08:33][e`]Send buffer command error! Auto retry.
[2006-08-24 14:08:33][e`]Send buffer command error! Auto retry.
[2006-08-24 14:08:33][e`]Send buffer command error! Auto retry.
[2006-08-24 14:08:33][e`]Send buffer command error! Auto retry.
[2006-08-24 14:08:33][e`]Send buffer command error! Auto retry.
[2006-08-24 14:08:33][e`]Send buffer command error! Auto retry.
[2006-08-24 14:08:33][e`]Send buffer command error! Auto retry.
[2006-08-24 14:08:34][e`]Send buffer command error! Auto retry.
[2006-08-24 14:08:34][e`]Send buffer command error! Auto retry.
[2006-08-24 14:08:34][e`]Send buffer command error! Auto retry.
[2006-08-24 14:08:34][e`]Send buffer command error! Auto retry.
[2006-08-24 14:08:34][e`]Send buffer command error! Auto retry.
[2006-08-24 14:08:34][e`]Send buffer command error! Auto retry.
[2006-08-24 14:08:34][操作T]Buffer Command: <OperatorActionLog>.
[2006-08-24 14:08:34][e`]Send buffer command error! Auto retry.
[2006-08-24 14:08:34][系y]System normal exit.
[2006-08-24 14:08:34][系y]^^^^^^^^^^^^^^^^^^^^^^^^^^^^^^^^^^^^^^^^^^^^^^^^^^
[2006-08-24 14:09:06][系y]System initialize
[2006-08-24 14:09:07][系y]Socket Listen start Successful.
[2006-08-24 14:09:11][系y]login by "NORVASEA","X65536"
[2006-08-24 14:09:11][系y]Login successful.
[2006-08-24 14:09:11][操作T]Send Command: <Time Synchronize>.
[2006-08-24 14:09:18][操作T]Recv Command: <Time Synchronize>.
[2006-08-24 14:09:11][操作T]Send Command: <Time Synchronize success reply>.
[2006-08-24 14:09:31][操作T]Send Command: <FinancialMaintain>.
[2006-08-24 14:09:32][系y]login by "NORVASEA","X65536"
[2006-08-24 14:09:32][系y]Login successful.
[2006-08-24 14:09:48][操作T]Send Command: <FinancialMaintain>.
