[2011-03-30 15:06:02][系y]System initialize
[2011-03-30 15:06:02][系y]Socket Listen start Successful.
[2011-03-30 15:06:05][系y]login by "NORVASEA","X65536"
[2011-03-30 15:06:05][系y]Login successful.
[2011-03-30 15:06:05][操作T]Send Command: <Time Synchronize>.
[2011-03-30 15:06:45][e`]Send buffer command error! Auto retry.
[2011-03-30 15:07:48][e`]Send buffer command error! Auto retry.
[2011-03-30 15:08:51][e`]Send buffer command error! Auto retry.
[2011-03-30 15:09:54][e`]Send buffer command error! Auto retry.
[2011-03-30 15:10:58][e`]Send buffer command error! Auto retry.
[2011-03-30 15:12:01][e`]Send buffer command error! Auto retry.
[2011-03-30 15:13:04][e`]Send buffer command error! Auto retry.
[2011-03-30 15:14:07][e`]Send buffer command error! Auto retry.
[2011-03-30 15:15:10][e`]Send buffer command error! Auto retry.
[2011-03-30 15:15:40][操作T]Send Command: <FinancialMaintain>.
[2011-03-30 15:15:48][操作T]Send Command: <QueryOperator>.
[2011-03-30 15:15:48][情]SendOk TickCount: 28499011
[2011-03-30 15:15:48][情]RecvOK TickCount: 28499151
[2011-03-30 15:16:17][操作T]Send Command: <QueryOperator>.
[2011-03-30 15:16:17][情]SendOk TickCount: 28528246
[2011-03-30 15:16:17][情]RecvOK TickCount: 28528261
[2011-03-30 15:16:36][操作T]Send Command: <QueryOperator>.
[2011-03-30 15:16:36][情]SendOk TickCount: 28547387
[2011-03-30 15:16:36][情]RecvOK TickCount: 28547387
[2011-03-30 15:18:06][操作T]Buffer Command: <OperatorActionLog>.
[2011-03-30 15:48:33][系y]System initialize
[2011-03-30 15:48:33][系y]Socket Listen start Successful.
[2011-03-30 15:57:05][系y]login by "NORVASEA","X65536"
[2011-03-30 15:57:05][系y]Login successful.
[2011-03-30 15:57:05][操作T]Send Command: <Time Synchronize>.
[2011-03-30 15:57:06][情]recv successful: 29
[2011-03-30 15:57:06][操作T]Recv Command: <Time Synchronize>.
[2011-03-30 15:57:06][操作T]Send Command: <Time Synchronize failure reply>.
[2011-03-30 15:57:20][操作T]Send Command: <FinancialMaintain>.
[2011-03-30 15:59:04][操作T]Send Command: <QueryOperator>.
[2011-03-30 15:59:56][情]SendOk TickCount: 31138236
[2011-03-30 16:00:21][情]RecvOK TickCount: 31171370
[2011-03-30 16:00:55][操作T]Send Command: <QueryOperator>.
[2011-03-30 16:00:55][情]SendOk TickCount: 31206814
[2011-03-30 16:00:56][情]RecvOK TickCount: 31207266
[2011-03-30 16:08:53][操作T]Recv Command: <Operator>.
[2011-03-30 16:08:53][系y]login by "444444","********"
[2011-03-30 16:08:53][系y]Login successful.
[2011-03-30 16:08:57][操作T]Send Command: <FinancialMaintain>.
[2011-03-30 16:09:08][操作T]Send Command: <QueryOperator>.
[2011-03-30 16:09:08][情]SendOk TickCount: 31699106
[2011-03-30 16:09:08][情]RecvOK TickCount: 31699559
[2011-03-30 16:09:12][操作T]Recv Command: <Operator>.
[2011-03-30 16:09:12][系y]login by "444444","********"
[2011-03-30 16:09:12][系y]Login successful.
