[2011-02-01 00:47:31][系y]System initialize
[2011-02-01 00:47:31][e`]Basic Sys Settings File Reading Error, use init data instead!
[2011-02-01 00:47:31][e`]Card Type Settings File Reading Error, use init data instead!
[2011-02-01 00:47:31][e`]Discount Plan Settings File Reading Error, use init data instead!
[2011-02-01 00:47:31][e`]Group Type Settings File Reading Error, use init data instead!
[2011-02-01 00:47:31][e`]Fee Rule Settings File Reading Error, use init data instead!
[2011-02-01 00:47:31][e`]Pay Mode Settings File Reading Error, use init data instead!
[2011-02-01 00:47:31][e`]Station Settings File Reading Error, use init data instead!
[2011-02-01 00:47:31][e`]Accounting File Reading Error, use init data instead!
[2011-02-01 00:47:31][e`]Receipt Settings File Reading Error, use init data instead!
[2011-02-01 00:47:31][e`]Peripheral Settings File Reading Error, use init data instead!
[2011-02-01 00:47:31][e`]Communication Settings File Reading Error, use init data instead!
[2011-02-01 00:47:31][e`]Date Rule Settings File Reading Error, use init data instead!
[2011-02-01 00:47:31][e`]Group Rule Settings File Reading Error, use init data instead!
[2011-02-01 00:47:31][e`]Car Rule Settings File Reading Error, use init data instead!
[2011-02-01 00:47:31][e`]Time Zone Rule Settings File Reading Error, use init data instead!
[2011-02-01 00:47:31][e`]Unit Rule Settings File Reading Error, use init data instead!
[2011-02-01 00:47:31][e`]Fix Rule Settings File Reading Error, use init data instead!
[2011-02-01 00:47:31][系y]Socket Listen start Successful.
[2011-02-01 00:47:32][系y]login by "NORVASEA","X65536"
[2011-02-01 00:47:32][系y]Login successful.
[2011-02-01 00:47:32][操作T]Send Command: <Time Synchronize>.
[2011-02-01 00:48:17][操作T]Buffer Command: <OperatorActionLog>.
[2011-02-01 00:48:21][系y]System normal exit.
[2011-02-01 00:48:21][系y]^^^^^^^^^^^^^^^^^^^^^^^^^^^^^^^^^^^^^^^^^^^^^^^^^^
[2011-02-01 01:15:15][系y]System initialize
[2011-02-01 01:15:15][系y]Socket Listen start Successful.
[2011-02-01 01:15:17][系y]login by "NORVASEA","X65536"
[2011-02-01 01:15:17][系y]Login successful.
[2011-02-01 01:15:17][操作T]Send Command: <Time Synchronize>.
[2011-02-01 01:15:47][操作T]Send Command: <QueryCardStatus>.
[2011-02-01 01:17:10][系y]System initialize
[2011-02-01 01:17:11][系y]Socket Listen start Successful.
[2011-02-01 01:17:12][系y]login by "NORVASEA","X65536"
[2011-02-01 01:17:12][系y]Login successful.
[2011-02-01 01:17:12][操作T]Send Command: <Time Synchronize>.
[2011-02-01 09:26:16][系y]System initialize
[2011-02-01 09:26:16][系y]Socket Listen start Successful.
[2011-02-01 09:26:18][系y]login by "NORVASEA","X65536"
[2011-02-01 09:26:18][系y]Login successful.
[2011-02-01 09:26:18][操作T]Send Command: <Time Synchronize>.
[2011-02-01 09:31:07][系y]System initialize
[2011-02-01 09:31:07][系y]Socket Listen start Successful.
[2011-02-01 09:31:08][系y]login by "NORVASEA","X65536"
[2011-02-01 09:31:08][系y]Login successful.
[2011-02-01 09:31:08][操作T]Send Command: <Time Synchronize>.
[2011-02-01 09:49:03][系y]System initialize
[2011-02-01 09:49:03][系y]Socket Listen start Successful.
[2011-02-01 09:49:04][系y]login by "NORVASEA","X65536"
[2011-02-01 09:49:04][系y]Login successful.
[2011-02-01 09:49:04][操作T]Send Command: <Time Synchronize>.
[2011-02-01 09:56:05][情]recv successful: 266
[2011-02-01 09:56:05][操作T]Recv Command: <Station Information>.
[2011-02-01 09:56:05][操作T]Send Command: <Station Information success reply>.
[2011-02-01 09:56:14][情]recv successful: 1259
[2011-02-01 09:56:14][操作T]Recv Command: <Fee park rate>.
[2011-02-01 09:56:15][操作T]Send Command: <Fee park rate success reply>.
[2011-02-01 09:56:22][情]recv successful: 155
[2011-02-01 09:56:22][操作T]Recv Command: <Timezone park rate>.
[2011-02-01 09:56:22][操作T]Send Command: <Timezone park rate success reply>.
[2011-02-01 09:56:25][情]recv successful: 69
[2011-02-01 09:56:25][操作T]Recv Command: <Vehicle park rate>.
[2011-02-01 09:56:25][操作T]Send Command: <Vehicle park rate success reply>.
[2011-02-01 09:56:29][情]recv successful: 69
[2011-02-01 09:56:29][操作T]Recv Command: <Group park rate>.
[2011-02-01 09:56:29][操作T]Send Command: <Group park rate success reply>.
[2011-02-01 09:57:59][操作T]Buffer Command: <OperatorActionLog>.
[2011-02-01 09:57:59][e`]Send buffer command error! Auto retry.
[2011-02-01 09:57:59][系y]System normal exit.
[2011-02-01 09:57:59][系y]^^^^^^^^^^^^^^^^^^^^^^^^^^^^^^^^^^^^^^^^^^^^^^^^^^
[2011-02-01 09:59:30][系y]System initialize
[2011-02-01 09:59:31][系y]Socket Listen start Successful.
[2011-02-01 09:59:32][系y]login by "NORVASEA","X65536"
[2011-02-01 09:59:32][系y]Login successful.
[2011-02-01 09:59:32][操作T]Send Command: <Time Synchronize>.
[2011-02-01 09:59:32][情]recv successful: 29
[2011-02-01 09:59:32][操作T]Recv Command: <Time Synchronize>.
[2011-02-01 09:59:32][操作T]Send Command: <Time Synchronize failure reply>.
[2011-02-01 10:02:00][情]recv successful: 155
[2011-02-01 10:02:00][操作T]Recv Command: <Timezone park rate>.
[2011-02-01 10:02:00][操作T]Send Command: <Timezone park rate success reply>.
[2011-02-01 10:25:32][系y]System initialize
[2011-02-01 10:25:32][系y]Socket Listen start Successful.
[2011-02-01 10:25:33][系y]login by "NORVASEA","X65536"
[2011-02-01 10:25:33][系y]Login successful.
[2011-02-01 10:25:33][操作T]Send Command: <Time Synchronize>.
[2011-02-01 10:25:34][情]recv successful: 29
[2011-02-01 10:25:34][操作T]Recv Command: <Time Synchronize>.
[2011-02-01 10:25:34][操作T]Send Command: <Time Synchronize failure reply>.
[2011-02-01 12:07:57][系y]System initialize
[2011-02-01 12:07:57][系y]Socket Listen start Successful.
[2011-02-01 12:07:58][系y]login by "NORVASEA","X65536"
[2011-02-01 12:07:58][系y]Login successful.
[2011-02-01 12:07:58][操作T]Send Command: <Time Synchronize>.
[2011-02-01 12:07:58][情]recv successful: 29
[2011-02-01 12:07:58][操作T]Recv Command: <Time Synchronize>.
[2011-02-01 12:07:58][操作T]Send Command: <Time Synchronize failure reply>.
[2011-02-01 12:08:07][操作T]Send Command: <QueryCardStatus>.
[2011-02-01 12:08:08][情]SendOk TickCount: 11316889
[2011-02-01 12:08:08][情]RecvOK TickCount: 11317123
[2011-02-01 12:08:08][操作T]Recv Command: <CardStatus>.
[2011-02-01 12:08:42][操作T]Send Command: <QueryCardStatus>.
[2011-02-01 12:08:42][情]SendOk TickCount: 11351506
[2011-02-01 12:08:42][情]RecvOK TickCount: 11351584
[2011-02-01 12:08:48][操作T]Send Command: <QueryCardStatus>.
[2011-02-01 12:08:48][情]SendOk TickCount: 11357293
[2011-02-01 12:08:48][情]RecvOK TickCount: 11357325
[2011-02-01 12:09:50][操作T]Send Command: <QueryCardStatus>.
[2011-02-01 12:09:50][情]SendOk TickCount: 11419663
[2011-02-01 12:09:50][情]RecvOK TickCount: 11419678
[2011-02-01 12:09:50][操作T]Recv Command: <CardStatus>.
[2011-02-01 12:09:54][操作T]Buffer Command: <UpdateTrans>.
[2011-02-01 12:09:54][操作T]Buffer Command: <OperatorActionLog>.
[2011-02-01 12:10:25][操作T]Send Command: <QueryCardStatus>.
[2011-02-01 12:10:25][情]SendOk TickCount: 11454233
[2011-02-01 12:10:25][情]RecvOK TickCount: 11454248
[2011-02-01 12:10:25][操作T]Recv Command: <CardStatus>.
[2011-02-01 12:10:30][操作T]Buffer Command: <UpdateTrans>.
[2011-02-01 12:10:30][操作T]Buffer Command: <OperatorActionLog>.
[2011-02-01 12:11:15][操作T]Send Command: <QueryCardStatus>.
[2011-02-01 12:11:15][情]SendOk TickCount: 11504543
[2011-02-01 12:11:15][情]RecvOK TickCount: 11504558
[2011-02-01 12:11:15][操作T]Recv Command: <CardStatus>.
[2011-02-01 12:11:16][操作T]Buffer Command: <UpdateTrans>.
[2011-02-01 12:11:17][操作T]Buffer Command: <OperatorActionLog>.
[2011-02-01 12:12:55][操作T]Send Command: <QueryCardStatus>.
[2011-02-01 12:12:55][情]SendOk TickCount: 11604243
[2011-02-01 12:12:55][情]RecvOK TickCount: 11604259
[2011-02-01 12:12:55][操作T]Recv Command: <CardStatus>.
[2011-02-01 12:12:56][操作T]Buffer Command: <UpdateTrans>.
[2011-02-01 12:12:56][操作T]Buffer Command: <OperatorActionLog>.
[2011-02-01 12:13:29][操作T]Send Command: <QueryCardStatus>.
[2011-02-01 12:13:29][情]SendOk TickCount: 11638048
[2011-02-01 12:13:29][情]RecvOK TickCount: 11638048
[2011-02-01 12:13:37][操作T]Send Command: <QueryCardStatus>.
[2011-02-01 12:13:37][情]SendOk TickCount: 11646675
[2011-02-01 12:13:37][情]RecvOK TickCount: 11646675
[2011-02-01 12:13:37][操作T]Recv Command: <CardStatus>.
[2011-02-01 12:14:05][操作T]Send Command: <QueryCardStatus>.
[2011-02-01 12:14:05][情]SendOk TickCount: 11674444
[2011-02-01 12:14:05][情]RecvOK TickCount: 11674459
[2011-02-01 12:14:05][操作T]Recv Command: <CardStatus>.
[2011-02-01 12:14:07][操作T]Send Command: <QueryCardStatus>.
[2011-02-01 12:14:07][情]SendOk TickCount: 11676487
[2011-02-01 12:14:07][情]RecvOK TickCount: 11676503
[2011-02-01 12:14:07][操作T]Recv Command: <CardStatus>.
[2011-02-01 12:14:09][操作T]Send Command: <QueryCardStatus>.
[2011-02-01 12:14:09][情]SendOk TickCount: 11678640
[2011-02-01 12:14:09][情]RecvOK TickCount: 11678656
[2011-02-01 12:14:09][操作T]Recv Command: <CardStatus>.
[2011-02-01 12:14:13][操作T]Send Command: <QueryCardStatus>.
[2011-02-01 12:14:13][情]SendOk TickCount: 11682400
[2011-02-01 12:14:13][情]RecvOK TickCount: 11682415
[2011-02-01 12:14:13][操作T]Recv Command: <CardStatus>.
[2011-02-01 12:14:21][操作T]Buffer Command: <UpdateTrans>.
[2011-02-01 12:14:21][操作T]Buffer Command: <OperatorActionLog>.
[2011-02-01 12:14:37][操作T]Buffer Command: <OperatorActionLog>.
[2011-02-01 12:18:21][系y]System initialize
[2011-02-01 12:18:22][系y]Socket Listen start Successful.
[2011-02-01 12:18:23][系y]login by "NORVASEA","X65536"
[2011-02-01 12:18:23][系y]Login successful.
[2011-02-01 12:18:23][操作T]Send Command: <Time Synchronize>.
[2011-02-01 12:18:23][情]recv successful: 29
[2011-02-01 12:18:23][操作T]Recv Command: <Time Synchronize>.
[2011-02-01 12:18:23][操作T]Send Command: <Time Synchronize failure reply>.
[2011-02-01 12:19:21][操作T]Send Command: <QueryCardStatus>.
[2011-02-01 12:19:21][情]SendOk TickCount: 11990361
[2011-02-01 12:19:21][情]RecvOK TickCount: 11990517
[2011-02-01 12:19:21][操作T]Recv Command: <CardStatus>.
[2011-02-01 12:19:26][操作T]Send Command: <QueryCardStatus>.
[2011-02-01 12:19:26][情]SendOk TickCount: 11994979
[2011-02-01 12:19:26][情]RecvOK TickCount: 11995135
[2011-02-01 12:19:26][操作T]Recv Command: <CardStatus>.
[2011-02-01 12:19:35][操作T]Send Command: <QueryCardStatus>.
[2011-02-01 12:19:35][情]SendOk TickCount: 12004354
[2011-02-01 12:19:35][情]RecvOK TickCount: 12004510
[2011-02-01 12:19:35][操作T]Recv Command: <CardStatus>.
[2011-02-01 12:19:38][操作T]Send Command: <QueryCardStatus>.
[2011-02-01 12:19:39][情]SendOk TickCount: 12007958
[2011-02-01 12:19:39][情]RecvOK TickCount: 12008052
[2011-02-01 12:19:39][操作T]Recv Command: <CardStatus>.
[2011-02-01 12:19:59][操作T]Send Command: <QueryCardStatus>.
[2011-02-01 12:19:59][情]SendOk TickCount: 12028472
[2011-02-01 12:19:59][情]RecvOK TickCount: 12028581
[2011-02-01 12:19:59][操作T]Recv Command: <CardStatus>.
[2011-02-01 12:20:58][操作T]Send Command: <QueryCardStatus>.
[2011-02-01 12:20:58][情]SendOk TickCount: 12087597
[2011-02-01 12:20:58][情]RecvOK TickCount: 12087706
[2011-02-01 12:20:58][操作T]Recv Command: <CardStatus>.
[2011-02-01 12:21:01][操作T]Send Command: <QueryCardStatus>.
[2011-02-01 12:21:01][情]SendOk TickCount: 12089968
[2011-02-01 12:21:01][情]RecvOK TickCount: 12090077
[2011-02-01 12:21:01][操作T]Recv Command: <CardStatus>.
[2011-02-01 12:21:22][操作T]Send Command: <QueryCardStatus>.
[2011-02-01 12:21:22][情]SendOk TickCount: 12111449
[2011-02-01 12:21:22][情]RecvOK TickCount: 12111558
[2011-02-01 12:21:22][操作T]Recv Command: <CardStatus>.
[2011-02-01 12:21:24][操作T]Buffer Command: <UpdateTrans>.
[2011-02-01 12:21:25][操作T]Buffer Command: <OperatorActionLog>.
[2011-02-01 12:21:37][操作T]Send Command: <QueryCardStatus>.
[2011-02-01 12:21:38][情]SendOk TickCount: 12126846
[2011-02-01 12:21:38][情]RecvOK TickCount: 12126956
[2011-02-01 12:22:02][操作T]Send Command: <QueryCardStatus>.
[2011-02-01 12:22:02][情]SendOk TickCount: 12151682
[2011-02-01 12:22:02][情]RecvOK TickCount: 12151775
[2011-02-01 12:22:10][操作T]Send Command: <QueryCardStatus>.
[2011-02-01 12:22:10][情]SendOk TickCount: 12159248
[2011-02-01 12:22:10][情]RecvOK TickCount: 12159341
[2011-02-01 12:22:28][操作T]Send Command: <QueryCardStatus>.
[2011-02-01 12:22:28][情]SendOk TickCount: 12177250
[2011-02-01 12:22:28][情]RecvOK TickCount: 12177360
[2011-02-01 12:23:06][操作T]Send Command: <QueryCardStatus>.
[2011-02-01 12:23:06][情]SendOk TickCount: 12215767
[2011-02-01 12:23:07][情]RecvOK TickCount: 12216219
[2011-02-01 12:23:43][操作T]Send Command: <QueryCardStatus>.
[2011-02-01 12:23:43][情]SendOk TickCount: 12252365
[2011-02-01 12:23:44][情]RecvOK TickCount: 12252833
[2011-02-01 12:24:00][操作T]Send Command: <QueryCardStatus>.
[2011-02-01 12:24:00][情]SendOk TickCount: 12269151
[2011-02-01 12:24:00][情]RecvOK TickCount: 12269665
[2011-02-01 12:24:27][操作T]Send Command: <QueryCardStatus>.
[2011-02-01 12:24:27][情]SendOk TickCount: 12296201
[2011-02-01 12:24:27][情]RecvOK TickCount: 12296700
[2011-02-01 12:24:32][操作T]Send Command: <QueryCardStatus>.
[2011-02-01 12:24:32][情]SendOk TickCount: 12301115
[2011-02-01 12:24:32][情]RecvOK TickCount: 12301568
[2011-02-01 12:25:13][操作T]Send Command: <QueryCardStatus>.
[2011-02-01 12:25:13][情]SendOk TickCount: 12342206
[2011-02-01 12:25:13][情]RecvOK TickCount: 12342658
[2011-02-01 12:25:34][操作T]Send Command: <QueryCardStatus>.
[2011-02-01 12:25:34][情]SendOk TickCount: 12363079
[2011-02-01 12:25:34][情]RecvOK TickCount: 12363547
[2011-02-01 12:25:34][操作T]Recv Command: <CardStatus>.
[2011-02-01 12:25:41][操作T]Send Command: <QueryCardStatus>.
[2011-02-01 12:25:41][情]SendOk TickCount: 12370364
[2011-02-01 12:25:42][情]RecvOK TickCount: 12370863
