[2015-09-29 16:12:18][系y]System initialize
[2015-09-29 16:12:19][系y]Socket Listen start Successful.
[2015-09-29 16:12:19][e`]Send buffer command error! Auto retry.
[2015-09-29 16:12:19][e`]Send buffer command error! Auto retry.
[2015-09-29 16:12:19][e`]Send buffer command error! Auto retry.
[2015-09-29 16:12:19][e`]Send buffer command error! Auto retry.
[2015-09-29 16:12:19][e`]Send buffer command error! Auto retry.
[2015-09-29 16:12:19][e`]Send buffer command error! Auto retry.
[2015-09-29 16:12:20][e`]Send buffer command error! Auto retry.
[2015-09-29 16:12:20][e`]Send buffer command error! Auto retry.
[2015-09-29 16:12:20][e`]Send buffer command error! Auto retry.
[2015-09-29 16:12:20][e`]Send buffer command error! Auto retry.
[2015-09-29 16:12:20][系y]login by "NORVASEA","X65536"
[2015-09-29 16:12:20][系y]Login successful.
[2015-09-29 16:12:20][e`]Send buffer command error! Auto retry.
[2015-09-29 16:12:20][e`]Send buffer command error! Auto retry.
[2015-09-29 16:12:20][e`]Send buffer command error! Auto retry.
[2015-09-29 16:12:20][e`]Send buffer command error! Auto retry.
[2015-09-29 16:12:21][e`]Send buffer command error! Auto retry.
[2015-09-29 16:12:21][e`]Send buffer command error! Auto retry.
[2015-09-29 16:12:21][e`]Send buffer command error! Auto retry.
[2015-09-29 16:12:21][e`]Send buffer command error! Auto retry.
[2015-09-29 16:12:21][e`]Send buffer command error! Auto retry.
[2015-09-29 16:12:21][e`]Send buffer command error! Auto retry.
[2015-09-29 16:12:21][e`]Send buffer command error! Auto retry.
[2015-09-29 16:12:21][e`]Send buffer command error! Auto retry.
[2015-09-29 16:12:22][e`]Send buffer command error! Auto retry.
[2015-09-29 16:12:22][e`]Send buffer command error! Auto retry.
[2015-09-29 16:12:22][e`]Send buffer command error! Auto retry.
[2015-09-29 16:12:22][e`]Send buffer command error! Auto retry.
[2015-09-29 16:12:22][e`]Send buffer command error! Auto retry.
[2015-09-29 16:12:22][e`]Send buffer command error! Auto retry.
[2015-09-29 16:12:22][e`]Send buffer command error! Auto retry.
[2015-09-29 16:12:22][e`]Send buffer command error! Auto retry.
[2015-09-29 16:12:23][e`]Send buffer command error! Auto retry.
[2015-09-29 16:12:23][e`]Send buffer command error! Auto retry.
[2015-09-29 16:12:23][e`]Send buffer command error! Auto retry.
[2015-09-29 16:12:23][e`]Send buffer command error! Auto retry.
[2015-09-29 16:12:23][e`]Send buffer command error! Auto retry.
[2015-09-29 16:12:23][e`]Send buffer command error! Auto retry.
[2015-09-29 16:12:23][e`]Send buffer command error! Auto retry.
[2015-09-29 16:12:23][e`]Send buffer command error! Auto retry.
[2015-09-29 16:12:23][e`]Send buffer command error! Auto retry.
[2015-09-29 16:12:24][e`]Send buffer command error! Auto retry.
[2015-09-29 16:12:24][e`]Send buffer command error! Auto retry.
[2015-09-29 16:12:24][e`]Send buffer command error! Auto retry.
[2015-09-29 16:12:24][e`]Send buffer command error! Auto retry.
[2015-09-29 16:12:24][e`]Send buffer command error! Auto retry.
[2015-09-29 16:12:24][e`]Send buffer command error! Auto retry.
[2015-09-29 16:12:24][e`]Send buffer command error! Auto retry.
[2015-09-29 16:12:24][e`]Send buffer command error! Auto retry.
[2015-09-29 16:12:25][e`]Send buffer command error! Auto retry.
[2015-09-29 16:12:25][e`]Send buffer command error! Auto retry.
[2015-09-29 16:12:25][e`]Send buffer command error! Auto retry.
[2015-09-29 16:12:25][e`]Send buffer command error! Auto retry.
[2015-09-29 16:12:25][e`]Send buffer command error! Auto retry.
[2015-09-29 16:12:25][e`]Send buffer command error! Auto retry.
[2015-09-29 16:12:25][e`]Send buffer command error! Auto retry.
[2015-09-29 16:12:26][e`]Send buffer command error! Auto retry.
[2015-09-29 16:12:26][e`]Send buffer command error! Auto retry.
[2015-09-29 16:12:26][e`]Send buffer command error! Auto retry.
[2015-09-29 16:12:26][e`]Send buffer command error! Auto retry.
[2015-09-29 16:12:26][e`]Send buffer command error! Auto retry.
[2015-09-29 16:12:26][e`]Send buffer command error! Auto retry.
[2015-09-29 16:12:26][e`]Send buffer command error! Auto retry.
[2015-09-29 16:12:26][e`]Send buffer command error! Auto retry.
[2015-09-29 16:12:27][e`]Send buffer command error! Auto retry.
[2015-09-29 16:12:27][e`]Send buffer command error! Auto retry.
[2015-09-29 16:12:27][e`]Send buffer command error! Auto retry.
[2015-09-29 16:12:27][e`]Send buffer command error! Auto retry.
[2015-09-29 16:12:27][e`]Send buffer command error! Auto retry.
[2015-09-29 16:12:27][e`]Send buffer command error! Auto retry.
[2015-09-29 16:12:27][e`]Send buffer command error! Auto retry.
[2015-09-29 16:12:27][e`]Send buffer command error! Auto retry.
[2015-09-29 16:12:28][e`]Send buffer command error! Auto retry.
[2015-09-29 16:12:28][e`]Send buffer command error! Auto retry.
[2015-09-29 16:12:28][e`]Send buffer command error! Auto retry.
[2015-09-29 16:12:28][e`]Send buffer command error! Auto retry.
[2015-09-29 16:12:28][e`]Send buffer command error! Auto retry.
[2015-09-29 16:12:28][e`]Send buffer command error! Auto retry.
[2015-09-29 16:12:28][e`]Send buffer command error! Auto retry.
[2015-09-29 16:12:28][e`]Send buffer command error! Auto retry.
[2015-09-29 16:12:29][e`]Send buffer command error! Auto retry.
[2015-09-29 16:12:29][e`]Send buffer command error! Auto retry.
[2015-09-29 16:12:29][e`]Send buffer command error! Auto retry.
[2015-09-29 16:12:29][e`]Send buffer command error! Auto retry.
[2015-09-29 16:12:29][e`]Send buffer command error! Auto retry.
[2015-09-29 16:12:29][e`]Send buffer command error! Auto retry.
[2015-09-29 16:12:29][e`]Send buffer command error! Auto retry.
[2015-09-29 16:12:29][e`]Send buffer command error! Auto retry.
[2015-09-29 16:12:30][e`]Send buffer command error! Auto retry.
[2015-09-29 16:12:30][e`]Send buffer command error! Auto retry.
[2015-09-29 16:12:30][e`]Send buffer command error! Auto retry.
[2015-09-29 16:12:30][e`]Send buffer command error! Auto retry.
[2015-09-29 16:12:30][e`]Send buffer command error! Auto retry.
[2015-09-29 16:12:30][e`]Send buffer command error! Auto retry.
[2015-09-29 16:12:30][e`]Send buffer command error! Auto retry.
[2015-09-29 16:12:30][e`]Send buffer command error! Auto retry.
[2015-09-29 16:12:30][e`]Send buffer command error! Auto retry.
[2015-09-29 16:12:31][e`]Send buffer command error! Auto retry.
[2015-09-29 16:12:31][e`]Send buffer command error! Auto retry.
[2015-09-29 16:12:31][e`]Send buffer command error! Auto retry.
[2015-09-29 16:12:31][e`]Send buffer command error! Auto retry.
[2015-09-29 16:12:31][e`]Send buffer command error! Auto retry.
[2015-09-29 16:12:31][e`]Send buffer command error! Auto retry.
[2015-09-29 16:12:31][e`]Send buffer command error! Auto retry.
[2015-09-29 16:12:31][e`]Send buffer command error! Auto retry.
[2015-09-29 16:12:31][e`]Send buffer command error! Auto retry.
[2015-09-29 16:12:32][e`]Send buffer command error! Auto retry.
[2015-09-29 16:12:32][e`]Send buffer command error! Auto retry.
[2015-09-29 16:12:32][e`]Send buffer command error! Auto retry.
[2015-09-29 16:12:32][e`]Send buffer command error! Auto retry.
[2015-09-29 16:12:32][e`]Send buffer command error! Auto retry.
[2015-09-29 16:12:32][e`]Send buffer command error! Auto retry.
[2015-09-29 16:12:32][e`]Send buffer command error! Auto retry.
[2015-09-29 16:12:32][e`]Send buffer command error! Auto retry.
[2015-09-29 16:12:33][e`]Send buffer command error! Auto retry.
[2015-09-29 16:12:33][e`]Send buffer command error! Auto retry.
[2015-09-29 16:12:33][e`]Send buffer command error! Auto retry.
[2015-09-29 16:12:33][e`]Send buffer command error! Auto retry.
[2015-09-29 16:12:33][e`]Send buffer command error! Auto retry.
[2015-09-29 16:12:33][e`]Send buffer command error! Auto retry.
[2015-09-29 16:12:33][e`]Send buffer command error! Auto retry.
[2015-09-29 16:12:33][e`]Send buffer command error! Auto retry.
[2015-09-29 16:12:34][e`]Send buffer command error! Auto retry.
[2015-09-29 16:12:34][e`]Send buffer command error! Auto retry.
[2015-09-29 16:12:34][e`]Send buffer command error! Auto retry.
[2015-09-29 16:12:34][e`]Send buffer command error! Auto retry.
[2015-09-29 16:12:34][e`]Send buffer command error! Auto retry.
[2015-09-29 16:12:34][e`]Send buffer command error! Auto retry.
[2015-09-29 16:12:34][e`]Send buffer command error! Auto retry.
[2015-09-29 16:12:34][e`]Send buffer command error! Auto retry.
[2015-09-29 16:12:34][e`]Send buffer command error! Auto retry.
[2015-09-29 16:12:35][e`]Send buffer command error! Auto retry.
[2015-09-29 16:12:35][e`]Send buffer command error! Auto retry.
[2015-09-29 16:12:35][e`]Send buffer command error! Auto retry.
[2015-09-29 16:12:35][e`]Send buffer command error! Auto retry.
[2015-09-29 16:12:35][e`]Send buffer command error! Auto retry.
[2015-09-29 16:12:35][e`]Send buffer command error! Auto retry.
[2015-09-29 16:12:35][e`]Send buffer command error! Auto retry.
[2015-09-29 16:12:35][e`]Send buffer command error! Auto retry.
[2015-09-29 16:12:36][e`]Send buffer command error! Auto retry.
[2015-09-29 16:12:36][e`]Send buffer command error! Auto retry.
[2015-09-29 16:12:36][e`]Send buffer command error! Auto retry.
[2015-09-29 16:12:36][e`]Send buffer command error! Auto retry.
[2015-09-29 16:12:36][e`]Send buffer command error! Auto retry.
[2015-09-29 16:12:36][e`]Send buffer command error! Auto retry.
[2015-09-29 16:12:36][e`]Send buffer command error! Auto retry.
[2015-09-29 16:12:36][e`]Send buffer command error! Auto retry.
[2015-09-29 16:12:37][e`]Send buffer command error! Auto retry.
[2015-09-29 16:12:37][e`]Send buffer command error! Auto retry.
[2015-09-29 16:12:37][e`]Send buffer command error! Auto retry.
[2015-09-29 16:12:37][e`]Send buffer command error! Auto retry.
[2015-09-29 16:12:37][e`]Send buffer command error! Auto retry.
[2015-09-29 16:12:37][e`]Send buffer command error! Auto retry.
[2015-09-29 16:12:37][e`]Send buffer command error! Auto retry.
[2015-09-29 16:12:37][e`]Send buffer command error! Auto retry.
[2015-09-29 16:12:37][e`]Send buffer command error! Auto retry.
[2015-09-29 16:12:38][e`]Send buffer command error! Auto retry.
[2015-09-29 16:12:38][e`]Send buffer command error! Auto retry.
[2015-09-29 16:12:38][e`]Send buffer command error! Auto retry.
[2015-09-29 16:12:38][e`]Send buffer command error! Auto retry.
[2015-09-29 16:12:38][e`]Send buffer command error! Auto retry.
[2015-09-29 16:12:38][e`]Send buffer command error! Auto retry.
[2015-09-29 16:12:38][e`]Send buffer command error! Auto retry.
[2015-09-29 16:12:38][e`]Send buffer command error! Auto retry.
[2015-09-29 16:12:39][e`]Send buffer command error! Auto retry.
[2015-09-29 16:12:39][e`]Send buffer command error! Auto retry.
[2015-09-29 16:12:39][e`]Send buffer command error! Auto retry.
[2015-09-29 16:12:39][e`]Send buffer command error! Auto retry.
[2015-09-29 16:12:39][e`]Send buffer command error! Auto retry.
[2015-09-29 16:12:39][e`]Send buffer command error! Auto retry.
[2015-09-29 16:12:39][e`]Send buffer command error! Auto retry.
[2015-09-29 16:12:39][e`]Send buffer command error! Auto retry.
[2015-09-29 16:12:40][e`]Send buffer command error! Auto retry.
[2015-09-29 16:12:40][e`]Send buffer command error! Auto retry.
[2015-09-29 16:12:40][e`]Send buffer command error! Auto retry.
[2015-09-29 16:12:40][e`]Send buffer command error! Auto retry.
[2015-09-29 16:12:40][e`]Send buffer command error! Auto retry.
[2015-09-29 16:12:40][e`]Send buffer command error! Auto retry.
[2015-09-29 16:12:40][e`]Send buffer command error! Auto retry.
[2015-09-29 16:12:40][e`]Send buffer command error! Auto retry.
[2015-09-29 16:12:40][e`]Send buffer command error! Auto retry.
[2015-09-29 16:12:41][e`]Send buffer command error! Auto retry.
[2015-09-29 16:12:41][e`]Send buffer command error! Auto retry.
[2015-09-29 16:12:41][e`]Send buffer command error! Auto retry.
[2015-09-29 16:12:41][e`]Send buffer command error! Auto retry.
[2015-09-29 16:12:41][e`]Send buffer command error! Auto retry.
[2015-09-29 16:12:41][e`]Send buffer command error! Auto retry.
[2015-09-29 16:12:41][e`]Send buffer command error! Auto retry.
[2015-09-29 16:12:41][e`]Send buffer command error! Auto retry.
[2015-09-29 16:12:41][e`]Send buffer command error! Auto retry.
[2015-09-29 16:12:42][e`]Send buffer command error! Auto retry.
[2015-09-29 16:12:42][e`]Send buffer command error! Auto retry.
[2015-09-29 16:12:42][e`]Send buffer command error! Auto retry.
[2015-09-29 16:12:42][e`]Send buffer command error! Auto retry.
[2015-09-29 16:12:42][e`]Send buffer command error! Auto retry.
[2015-09-29 16:12:42][e`]Send buffer command error! Auto retry.
[2015-09-29 16:12:42][e`]Send buffer command error! Auto retry.
[2015-09-29 16:12:42][e`]Send buffer command error! Auto retry.
[2015-09-29 16:12:43][e`]Send buffer command error! Auto retry.
[2015-09-29 16:12:43][e`]Send buffer command error! Auto retry.
[2015-09-29 16:12:43][e`]Send buffer command error! Auto retry.
[2015-09-29 16:12:43][e`]Send buffer command error! Auto retry.
[2015-09-29 16:12:43][e`]Send buffer command error! Auto retry.
[2015-09-29 16:12:43][e`]Send buffer command error! Auto retry.
[2015-09-29 16:12:43][e`]Send buffer command error! Auto retry.
[2015-09-29 16:12:43][e`]Send buffer command error! Auto retry.
[2015-09-29 16:12:44][e`]Send buffer command error! Auto retry.
[2015-09-29 16:12:44][e`]Send buffer command error! Auto retry.
[2015-09-29 16:12:44][e`]Send buffer command error! Auto retry.
[2015-09-29 16:12:44][e`]Send buffer command error! Auto retry.
[2015-09-29 16:12:44][e`]Send buffer command error! Auto retry.
[2015-09-29 16:12:44][e`]Send buffer command error! Auto retry.
[2015-09-29 16:12:44][e`]Send buffer command error! Auto retry.
[2015-09-29 16:12:44][e`]Send buffer command error! Auto retry.
[2015-09-29 16:12:44][e`]Send buffer command error! Auto retry.
[2015-09-29 16:12:45][e`]Send buffer command error! Auto retry.
[2015-09-29 16:12:45][e`]Send buffer command error! Auto retry.
[2015-09-29 16:12:45][e`]Send buffer command error! Auto retry.
[2015-09-29 16:12:45][e`]Send buffer command error! Auto retry.
[2015-09-29 16:12:45][e`]Send buffer command error! Auto retry.
[2015-09-29 16:12:45][e`]Send buffer command error! Auto retry.
[2015-09-29 16:12:45][e`]Send buffer command error! Auto retry.
[2015-09-29 16:12:45][e`]Send buffer command error! Auto retry.
[2015-09-29 16:12:46][e`]Send buffer command error! Auto retry.
[2015-09-29 16:12:46][e`]Send buffer command error! Auto retry.
[2015-09-29 16:12:46][e`]Send buffer command error! Auto retry.
[2015-09-29 16:12:46][e`]Send buffer command error! Auto retry.
[2015-09-29 16:12:46][e`]Send buffer command error! Auto retry.
[2015-09-29 16:12:46][e`]Send buffer command error! Auto retry.
[2015-09-29 16:12:46][e`]Send buffer command error! Auto retry.
[2015-09-29 16:12:46][e`]Send buffer command error! Auto retry.
[2015-09-29 16:12:47][e`]Send buffer command error! Auto retry.
[2015-09-29 16:12:47][e`]Send buffer command error! Auto retry.
[2015-09-29 16:12:47][e`]Send buffer command error! Auto retry.
[2015-09-29 16:12:47][e`]Send buffer command error! Auto retry.
[2015-09-29 16:12:47][e`]Send buffer command error! Auto retry.
[2015-09-29 16:12:47][e`]Send buffer command error! Auto retry.
[2015-09-29 16:12:47][e`]Send buffer command error! Auto retry.
[2015-09-29 16:12:47][e`]Send buffer command error! Auto retry.
[2015-09-29 16:12:48][e`]Send buffer command error! Auto retry.
[2015-09-29 16:12:48][e`]Send buffer command error! Auto retry.
[2015-09-29 16:12:48][操作T]Buffer Command: <OperatorActionLog>.
[2015-09-29 16:12:48][e`]Send buffer command error! Auto retry.
[2015-09-29 16:12:48][系y]System normal exit.
[2015-09-29 16:12:48][系y]^^^^^^^^^^^^^^^^^^^^^^^^^^^^^^^^^^^^^^^^^^^^^^^^^^
[2015-09-29 16:13:00][系y]System initialize
[2015-09-29 16:13:00][系y]Socket Listen start Successful.
[2015-09-29 16:13:00][e`]Send buffer command error! Auto retry.
[2015-09-29 16:13:00][e`]Send buffer command error! Auto retry.
[2015-09-29 16:13:00][e`]Send buffer command error! Auto retry.
[2015-09-29 16:13:00][e`]Send buffer command error! Auto retry.
[2015-09-29 16:13:01][e`]Send buffer command error! Auto retry.
[2015-09-29 16:13:01][e`]Send buffer command error! Auto retry.
[2015-09-29 16:13:01][e`]Send buffer command error! Auto retry.
[2015-09-29 16:13:01][e`]Send buffer command error! Auto retry.
[2015-09-29 16:13:01][系y]login by "NORVASEA","X65536"
[2015-09-29 16:13:01][系y]Login successful.
[2015-09-29 16:13:01][e`]Send buffer command error! Auto retry.
[2015-09-29 16:13:01][e`]Send buffer command error! Auto retry.
[2015-09-29 16:13:01][e`]Send buffer command error! Auto retry.
[2015-09-29 16:13:01][e`]Send buffer command error! Auto retry.
[2015-09-29 16:13:02][e`]Send buffer command error! Auto retry.
[2015-09-29 16:13:02][e`]Send buffer command error! Auto retry.
[2015-09-29 16:13:02][e`]Send buffer command error! Auto retry.
[2015-09-29 16:13:02][e`]Send buffer command error! Auto retry.
[2015-09-29 16:13:02][e`]Send buffer command error! Auto retry.
[2015-09-29 16:13:02][e`]Send buffer command error! Auto retry.
[2015-09-29 16:13:02][e`]Send buffer command error! Auto retry.
[2015-09-29 16:13:02][e`]Send buffer command error! Auto retry.
[2015-09-29 16:13:03][e`]Send buffer command error! Auto retry.
[2015-09-29 16:13:03][e`]Send buffer command error! Auto retry.
[2015-09-29 16:13:03][e`]Send buffer command error! Auto retry.
[2015-09-29 16:13:03][e`]Send buffer command error! Auto retry.
[2015-09-29 16:13:03][e`]Send buffer command error! Auto retry.
[2015-09-29 16:13:03][e`]Send buffer command error! Auto retry.
[2015-09-29 16:13:03][e`]Send buffer command error! Auto retry.
[2015-09-29 16:13:03][e`]Send buffer command error! Auto retry.
[2015-09-29 16:13:04][e`]Send buffer command error! Auto retry.
[2015-09-29 16:13:04][e`]Send buffer command error! Auto retry.
[2015-09-29 16:13:04][e`]Send buffer command error! Auto retry.
[2015-09-29 16:13:04][e`]Send buffer command error! Auto retry.
[2015-09-29 16:13:04][e`]Send buffer command error! Auto retry.
[2015-09-29 16:13:04][e`]Send buffer command error! Auto retry.
[2015-09-29 16:13:04][e`]Send buffer command error! Auto retry.
[2015-09-29 16:13:04][e`]Send buffer command error! Auto retry.
[2015-09-29 16:13:04][e`]Send buffer command error! Auto retry.
[2015-09-29 16:13:05][e`]Send buffer command error! Auto retry.
[2015-09-29 16:13:05][e`]Send buffer command error! Auto retry.
[2015-09-29 16:13:05][e`]Send buffer command error! Auto retry.
[2015-09-29 16:13:05][e`]Send buffer command error! Auto retry.
[2015-09-29 16:13:05][e`]Send buffer command error! Auto retry.
[2015-09-29 16:13:05][e`]Send buffer command error! Auto retry.
[2015-09-29 16:13:05][e`]Send buffer command error! Auto retry.
[2015-09-29 16:13:05][e`]Send buffer command error! Auto retry.
[2015-09-29 16:13:05][e`]Send buffer command error! Auto retry.
[2015-09-29 16:13:06][e`]Send buffer command error! Auto retry.
[2015-09-29 16:13:06][e`]Send buffer command error! Auto retry.
[2015-09-29 16:13:06][e`]Send buffer command error! Auto retry.
[2015-09-29 16:13:06][e`]Send buffer command error! Auto retry.
[2015-09-29 16:13:06][e`]Send buffer command error! Auto retry.
[2015-09-29 16:13:06][e`]Send buffer command error! Auto retry.
[2015-09-29 16:13:06][e`]Send buffer command error! Auto retry.
[2015-09-29 16:13:06][e`]Send buffer command error! Auto retry.
[2015-09-29 16:13:07][e`]Send buffer command error! Auto retry.
[2015-09-29 16:13:07][e`]Send buffer command error! Auto retry.
[2015-09-29 16:13:07][e`]Send buffer command error! Auto retry.
[2015-09-29 16:13:07][e`]Send buffer command error! Auto retry.
[2015-09-29 16:13:07][e`]Send buffer command error! Auto retry.
[2015-09-29 16:13:07][e`]Send buffer command error! Auto retry.
[2015-09-29 16:13:07][e`]Send buffer command error! Auto retry.
[2015-09-29 16:13:07][e`]Send buffer command error! Auto retry.
[2015-09-29 16:13:08][e`]Send buffer command error! Auto retry.
[2015-09-29 16:13:08][e`]Send buffer command error! Auto retry.
[2015-09-29 16:13:08][e`]Send buffer command error! Auto retry.
[2015-09-29 16:13:08][e`]Send buffer command error! Auto retry.
[2015-09-29 16:13:08][e`]Send buffer command error! Auto retry.
[2015-09-29 16:13:08][e`]Send buffer command error! Auto retry.
[2015-09-29 16:13:08][e`]Send buffer command error! Auto retry.
[2015-09-29 16:13:08][e`]Send buffer command error! Auto retry.
[2015-09-29 16:13:09][e`]Send buffer command error! Auto retry.
[2015-09-29 16:13:09][e`]Send buffer command error! Auto retry.
[2015-09-29 16:13:09][e`]Send buffer command error! Auto retry.
[2015-09-29 16:13:09][e`]Send buffer command error! Auto retry.
[2015-09-29 16:13:09][e`]Send buffer command error! Auto retry.
[2015-09-29 16:13:09][e`]Send buffer command error! Auto retry.
[2015-09-29 16:13:09][e`]Send buffer command error! Auto retry.
[2015-09-29 16:13:09][e`]Send buffer command error! Auto retry.
[2015-09-29 16:13:10][e`]Send buffer command error! Auto retry.
[2015-09-29 16:13:10][e`]Send buffer command error! Auto retry.
[2015-09-29 16:13:10][e`]Send buffer command error! Auto retry.
[2015-09-29 16:13:10][e`]Send buffer command error! Auto retry.
[2015-09-29 16:13:10][e`]Send buffer command error! Auto retry.
[2015-09-29 16:13:10][e`]Send buffer command error! Auto retry.
[2015-09-29 16:13:10][e`]Send buffer command error! Auto retry.
[2015-09-29 16:13:10][e`]Send buffer command error! Auto retry.
[2015-09-29 16:13:10][e`]Send buffer command error! Auto retry.
[2015-09-29 16:13:11][e`]Send buffer command error! Auto retry.
[2015-09-29 16:13:11][e`]Send buffer command error! Auto retry.
[2015-09-29 16:13:11][e`]Send buffer command error! Auto retry.
[2015-09-29 16:13:11][e`]Send buffer command error! Auto retry.
[2015-09-29 16:13:11][e`]Send buffer command error! Auto retry.
[2015-09-29 16:13:11][e`]Send buffer command error! Auto retry.
[2015-09-29 16:13:11][e`]Send buffer command error! Auto retry.
[2015-09-29 16:13:11][e`]Send buffer command error! Auto retry.
[2015-09-29 16:13:12][e`]Send buffer command error! Auto retry.
[2015-09-29 16:13:12][e`]Send buffer command error! Auto retry.
[2015-09-29 16:13:12][e`]Send buffer command error! Auto retry.
[2015-09-29 16:13:12][e`]Send buffer command error! Auto retry.
[2015-09-29 16:13:12][e`]Send buffer command error! Auto retry.
[2015-09-29 16:13:12][e`]Send buffer command error! Auto retry.
[2015-09-29 16:13:12][e`]Send buffer command error! Auto retry.
[2015-09-29 16:13:12][e`]Send buffer command error! Auto retry.
[2015-09-29 16:13:13][e`]Send buffer command error! Auto retry.
[2015-09-29 16:13:13][e`]Send buffer command error! Auto retry.
[2015-09-29 16:13:13][e`]Send buffer command error! Auto retry.
[2015-09-29 16:13:13][e`]Send buffer command error! Auto retry.
[2015-09-29 16:13:13][e`]Send buffer command error! Auto retry.
[2015-09-29 16:13:13][e`]Send buffer command error! Auto retry.
[2015-09-29 16:13:13][e`]Send buffer command error! Auto retry.
[2015-09-29 16:13:13][e`]Send buffer command error! Auto retry.
[2015-09-29 16:13:14][e`]Send buffer command error! Auto retry.
[2015-09-29 16:13:14][e`]Send buffer command error! Auto retry.
[2015-09-29 16:13:14][e`]Send buffer command error! Auto retry.
[2015-09-29 16:13:14][e`]Send buffer command error! Auto retry.
[2015-09-29 16:13:14][e`]Send buffer command error! Auto retry.
[2015-09-29 16:13:14][e`]Send buffer command error! Auto retry.
[2015-09-29 16:13:14][e`]Send buffer command error! Auto retry.
[2015-09-29 16:13:14][e`]Send buffer command error! Auto retry.
[2015-09-29 16:13:15][e`]Send buffer command error! Auto retry.
[2015-09-29 16:13:15][e`]Send buffer command error! Auto retry.
[2015-09-29 16:13:15][e`]Send buffer command error! Auto retry.
[2015-09-29 16:13:15][e`]Send buffer command error! Auto retry.
[2015-09-29 16:13:15][e`]Send buffer command error! Auto retry.
[2015-09-29 16:13:15][e`]Send buffer command error! Auto retry.
[2015-09-29 16:13:15][e`]Send buffer command error! Auto retry.
[2015-09-29 16:13:15][e`]Send buffer command error! Auto retry.
[2015-09-29 16:13:16][e`]Send buffer command error! Auto retry.
[2015-09-29 16:13:16][e`]Send buffer command error! Auto retry.
[2015-09-29 16:13:16][e`]Send buffer command error! Auto retry.
[2015-09-29 16:13:16][e`]Send buffer command error! Auto retry.
[2015-09-29 16:13:16][e`]Send buffer command error! Auto retry.
[2015-09-29 16:13:16][e`]Send buffer command error! Auto retry.
[2015-09-29 16:13:16][e`]Send buffer command error! Auto retry.
[2015-09-29 16:13:16][e`]Send buffer command error! Auto retry.
[2015-09-29 16:13:17][e`]Send buffer command error! Auto retry.
[2015-09-29 16:13:17][e`]Send buffer command error! Auto retry.
[2015-09-29 16:13:17][e`]Send buffer command error! Auto retry.
[2015-09-29 16:13:17][e`]Send buffer command error! Auto retry.
[2015-09-29 16:13:17][e`]Send buffer command error! Auto retry.
[2015-09-29 16:13:17][e`]Send buffer command error! Auto retry.
[2015-09-29 16:13:17][e`]Send buffer command error! Auto retry.
[2015-09-29 16:13:17][e`]Send buffer command error! Auto retry.
[2015-09-29 16:13:18][e`]Send buffer command error! Auto retry.
[2015-09-29 16:13:18][操作T]Buffer Command: <OperatorActionLog>.
[2015-09-29 16:13:18][e`]Send buffer command error! Auto retry.
[2015-09-29 16:13:18][系y]System normal exit.
[2015-09-29 16:13:18][系y]^^^^^^^^^^^^^^^^^^^^^^^^^^^^^^^^^^^^^^^^^^^^^^^^^^
