[2015-09-25 11:14:16][系y]System initialize
[2015-09-25 11:14:17][系y]Socket Listen start Successful.
[2015-09-25 11:14:18][e`]Send buffer command error! Auto retry.
[2015-09-25 11:14:18][e`]Send buffer command error! Auto retry.
[2015-09-25 11:14:18][e`]Send buffer command error! Auto retry.
[2015-09-25 11:14:18][e`]Send buffer command error! Auto retry.
[2015-09-25 11:14:18][e`]Send buffer command error! Auto retry.
[2015-09-25 11:14:18][e`]Send buffer command error! Auto retry.
[2015-09-25 11:14:18][e`]Send buffer command error! Auto retry.
[2015-09-25 11:14:19][e`]Send buffer command error! Auto retry.
[2015-09-25 11:14:19][e`]Send buffer command error! Auto retry.
[2015-09-25 11:14:19][e`]Send buffer command error! Auto retry.
[2015-09-25 11:14:19][e`]Send buffer command error! Auto retry.
[2015-09-25 11:14:19][e`]Send buffer command error! Auto retry.
[2015-09-25 11:14:19][e`]Send buffer command error! Auto retry.
[2015-09-25 11:14:19][e`]Send buffer command error! Auto retry.
[2015-09-25 11:14:19][e`]Send buffer command error! Auto retry.
[2015-09-25 11:14:20][e`]Send buffer command error! Auto retry.
[2015-09-25 11:14:20][e`]Send buffer command error! Auto retry.
[2015-09-25 11:14:20][e`]Send buffer command error! Auto retry.
[2015-09-25 11:14:20][e`]Send buffer command error! Auto retry.
[2015-09-25 11:14:20][e`]Send buffer command error! Auto retry.
[2015-09-25 11:14:20][e`]Send buffer command error! Auto retry.
[2015-09-25 11:14:20][e`]Send buffer command error! Auto retry.
[2015-09-25 11:14:20][e`]Send buffer command error! Auto retry.
[2015-09-25 11:14:20][e`]Send buffer command error! Auto retry.
[2015-09-25 11:14:21][e`]Send buffer command error! Auto retry.
[2015-09-25 11:14:21][e`]Send buffer command error! Auto retry.
[2015-09-25 11:14:21][e`]Send buffer command error! Auto retry.
[2015-09-25 11:14:21][e`]Send buffer command error! Auto retry.
[2015-09-25 11:14:21][e`]Send buffer command error! Auto retry.
[2015-09-25 11:14:21][e`]Send buffer command error! Auto retry.
[2015-09-25 11:14:21][e`]Send buffer command error! Auto retry.
[2015-09-25 11:14:21][e`]Send buffer command error! Auto retry.
[2015-09-25 11:14:21][e`]Send buffer command error! Auto retry.
[2015-09-25 11:14:22][e`]Send buffer command error! Auto retry.
[2015-09-25 11:14:22][e`]Send buffer command error! Auto retry.
[2015-09-25 11:14:22][系y]login by "NORVASEA","X65536"
[2015-09-25 11:14:22][系y]Login successful.
[2015-09-25 11:14:22][e`]Send buffer command error! Auto retry.
[2015-09-25 11:14:22][e`]Send buffer command error! Auto retry.
[2015-09-25 11:14:22][e`]Send buffer command error! Auto retry.
[2015-09-25 11:14:22][e`]Send buffer command error! Auto retry.
[2015-09-25 11:14:22][e`]Send buffer command error! Auto retry.
[2015-09-25 11:14:22][e`]Send buffer command error! Auto retry.
[2015-09-25 11:14:22][e`]Send buffer command error! Auto retry.
[2015-09-25 11:14:23][e`]Send buffer command error! Auto retry.
[2015-09-25 11:14:23][e`]Send buffer command error! Auto retry.
[2015-09-25 11:14:23][e`]Send buffer command error! Auto retry.
[2015-09-25 11:14:23][e`]Send buffer command error! Auto retry.
[2015-09-25 11:14:23][e`]Send buffer command error! Auto retry.
[2015-09-25 11:14:23][e`]Send buffer command error! Auto retry.
[2015-09-25 11:14:24][e`]Send buffer command error! Auto retry.
[2015-09-25 11:14:24][e`]Send buffer command error! Auto retry.
[2015-09-25 11:14:24][e`]Send buffer command error! Auto retry.
[2015-09-25 11:14:24][e`]Send buffer command error! Auto retry.
[2015-09-25 11:14:24][e`]Send buffer command error! Auto retry.
[2015-09-25 11:14:24][e`]Send buffer command error! Auto retry.
[2015-09-25 11:14:24][e`]Send buffer command error! Auto retry.
[2015-09-25 11:14:24][e`]Send buffer command error! Auto retry.
[2015-09-25 11:14:25][e`]Send buffer command error! Auto retry.
[2015-09-25 11:14:25][e`]Send buffer command error! Auto retry.
[2015-09-25 11:14:25][e`]Send buffer command error! Auto retry.
[2015-09-25 11:14:25][e`]Send buffer command error! Auto retry.
[2015-09-25 11:14:25][e`]Send buffer command error! Auto retry.
[2015-09-25 11:14:25][e`]Send buffer command error! Auto retry.
[2015-09-25 11:14:25][e`]Send buffer command error! Auto retry.
[2015-09-25 11:14:25][e`]Send buffer command error! Auto retry.
[2015-09-25 11:14:26][e`]Send buffer command error! Auto retry.
[2015-09-25 11:14:26][e`]Send buffer command error! Auto retry.
[2015-09-25 11:14:26][e`]Send buffer command error! Auto retry.
[2015-09-25 11:14:26][e`]Send buffer command error! Auto retry.
[2015-09-25 11:14:26][e`]Send buffer command error! Auto retry.
[2015-09-25 11:14:26][e`]Send buffer command error! Auto retry.
[2015-09-25 11:14:26][e`]Send buffer command error! Auto retry.
[2015-09-25 11:14:26][e`]Send buffer command error! Auto retry.
[2015-09-25 11:14:27][e`]Send buffer command error! Auto retry.
[2015-09-25 11:14:27][e`]Send buffer command error! Auto retry.
[2015-09-25 11:14:27][e`]Send buffer command error! Auto retry.
[2015-09-25 11:14:27][e`]Send buffer command error! Auto retry.
[2015-09-25 11:14:27][e`]Send buffer command error! Auto retry.
[2015-09-25 11:14:27][e`]Send buffer command error! Auto retry.
[2015-09-25 11:14:27][e`]Send buffer command error! Auto retry.
[2015-09-25 11:14:27][e`]Send buffer command error! Auto retry.
[2015-09-25 11:14:28][e`]Send buffer command error! Auto retry.
[2015-09-25 11:14:28][e`]Send buffer command error! Auto retry.
[2015-09-25 11:14:28][e`]Send buffer command error! Auto retry.
[2015-09-25 11:14:28][e`]Send buffer command error! Auto retry.
[2015-09-25 11:14:28][e`]Send buffer command error! Auto retry.
[2015-09-25 11:14:28][e`]Send buffer command error! Auto retry.
[2015-09-25 11:14:28][e`]Send buffer command error! Auto retry.
[2015-09-25 11:14:28][e`]Send buffer command error! Auto retry.
[2015-09-25 11:14:29][e`]Send buffer command error! Auto retry.
[2015-09-25 11:14:29][e`]Send buffer command error! Auto retry.
[2015-09-25 11:14:29][e`]Send buffer command error! Auto retry.
[2015-09-25 11:14:29][e`]Send buffer command error! Auto retry.
[2015-09-25 11:14:29][e`]Send buffer command error! Auto retry.
[2015-09-25 11:14:29][e`]Send buffer command error! Auto retry.
[2015-09-25 11:14:29][e`]Send buffer command error! Auto retry.
[2015-09-25 11:14:29][e`]Send buffer command error! Auto retry.
[2015-09-25 11:14:30][e`]Send buffer command error! Auto retry.
[2015-09-25 11:14:30][e`]Send buffer command error! Auto retry.
[2015-09-25 11:14:30][e`]Send buffer command error! Auto retry.
[2015-09-25 11:14:30][e`]Send buffer command error! Auto retry.
[2015-09-25 11:14:30][e`]Send buffer command error! Auto retry.
[2015-09-25 11:14:30][e`]Send buffer command error! Auto retry.
[2015-09-25 11:14:30][e`]Send buffer command error! Auto retry.
[2015-09-25 11:14:30][e`]Send buffer command error! Auto retry.
[2015-09-25 11:14:31][e`]Send buffer command error! Auto retry.
[2015-09-25 11:14:31][e`]Send buffer command error! Auto retry.
[2015-09-25 11:14:31][e`]Send buffer command error! Auto retry.
[2015-09-25 11:14:31][e`]Send buffer command error! Auto retry.
[2015-09-25 11:14:31][e`]Send buffer command error! Auto retry.
[2015-09-25 11:14:31][e`]Send buffer command error! Auto retry.
[2015-09-25 11:14:31][e`]Send buffer command error! Auto retry.
[2015-09-25 11:14:31][e`]Send buffer command error! Auto retry.
[2015-09-25 11:14:32][e`]Send buffer command error! Auto retry.
[2015-09-25 11:14:32][e`]Send buffer command error! Auto retry.
[2015-09-25 11:14:32][e`]Send buffer command error! Auto retry.
[2015-09-25 11:14:32][e`]Send buffer command error! Auto retry.
[2015-09-25 11:14:32][e`]Send buffer command error! Auto retry.
[2015-09-25 11:14:32][e`]Send buffer command error! Auto retry.
[2015-09-25 11:14:32][e`]Send buffer command error! Auto retry.
[2015-09-25 11:14:32][e`]Send buffer command error! Auto retry.
[2015-09-25 11:14:33][e`]Send buffer command error! Auto retry.
[2015-09-25 11:14:33][e`]Send buffer command error! Auto retry.
[2015-09-25 11:14:33][e`]Send buffer command error! Auto retry.
[2015-09-25 11:14:33][e`]Send buffer command error! Auto retry.
[2015-09-25 11:14:33][e`]Send buffer command error! Auto retry.
[2015-09-25 11:14:33][e`]Send buffer command error! Auto retry.
[2015-09-25 11:14:33][操作T]Buffer Command: <OperatorActionLog>.
[2015-09-25 11:14:33][e`]Send buffer command error! Auto retry.
[2015-09-25 11:14:33][系y]System normal exit.
[2015-09-25 11:14:33][系y]^^^^^^^^^^^^^^^^^^^^^^^^^^^^^^^^^^^^^^^^^^^^^^^^^^
