[2016-10-20 16:35:15][系y]System initialize
[2016-10-20 16:35:16][系y]Socket Listen start Successful.
[2016-10-20 16:35:16][e`]Send buffer command error! Auto retry.
[2016-10-20 16:35:16][e`]Send buffer command error! Auto retry.
[2016-10-20 16:35:16][e`]Send buffer command error! Auto retry.
[2016-10-20 16:35:16][e`]Send buffer command error! Auto retry.
[2016-10-20 16:35:16][e`]Send buffer command error! Auto retry.
[2016-10-20 16:35:16][e`]Send buffer command error! Auto retry.
[2016-10-20 16:35:17][e`]Send buffer command error! Auto retry.
[2016-10-20 16:35:17][e`]Send buffer command error! Auto retry.
[2016-10-20 16:35:17][e`]Send buffer command error! Auto retry.
[2016-10-20 16:35:17][e`]Send buffer command error! Auto retry.
[2016-10-20 16:35:17][e`]Send buffer command error! Auto retry.
[2016-10-20 16:35:17][e`]Send buffer command error! Auto retry.
[2016-10-20 16:35:17][e`]Send buffer command error! Auto retry.
[2016-10-20 16:35:17][e`]Send buffer command error! Auto retry.
[2016-10-20 16:35:18][e`]Send buffer command error! Auto retry.
[2016-10-20 16:35:18][e`]Send buffer command error! Auto retry.
[2016-10-20 16:35:18][e`]Send buffer command error! Auto retry.
[2016-10-20 16:35:18][系y]login by "NORVASEA","X65536"
[2016-10-20 16:35:18][e`]Send buffer command error! Auto retry.
[2016-10-20 16:35:18][系y]Login successful.
[2016-10-20 16:35:18][e`]Send buffer command error! Auto retry.
[2016-10-20 16:35:18][e`]Send buffer command error! Auto retry.
[2016-10-20 16:35:18][e`]Send buffer command error! Auto retry.
[2016-10-20 16:35:18][e`]Send buffer command error! Auto retry.
[2016-10-20 16:35:19][e`]Send buffer command error! Auto retry.
[2016-10-20 16:35:19][e`]Send buffer command error! Auto retry.
[2016-10-20 16:35:19][e`]Send buffer command error! Auto retry.
[2016-10-20 16:35:19][e`]Send buffer command error! Auto retry.
[2016-10-20 16:35:19][e`]Send buffer command error! Auto retry.
[2016-10-20 16:35:19][e`]Send buffer command error! Auto retry.
[2016-10-20 16:35:19][e`]Send buffer command error! Auto retry.
[2016-10-20 16:35:19][e`]Send buffer command error! Auto retry.
[2016-10-20 16:35:20][e`]Send buffer command error! Auto retry.
[2016-10-20 16:35:20][e`]Send buffer command error! Auto retry.
[2016-10-20 16:35:20][e`]Send buffer command error! Auto retry.
[2016-10-20 16:35:20][e`]Send buffer command error! Auto retry.
[2016-10-20 16:35:20][e`]Send buffer command error! Auto retry.
[2016-10-20 16:35:20][e`]Send buffer command error! Auto retry.
[2016-10-20 16:35:20][e`]Send buffer command error! Auto retry.
[2016-10-20 16:35:20][e`]Send buffer command error! Auto retry.
[2016-10-20 16:35:21][e`]Send buffer command error! Auto retry.
[2016-10-20 16:35:21][e`]Send buffer command error! Auto retry.
[2016-10-20 16:35:21][e`]Send buffer command error! Auto retry.
[2016-10-20 16:35:21][e`]Send buffer command error! Auto retry.
[2016-10-20 16:35:21][e`]Send buffer command error! Auto retry.
[2016-10-20 16:35:21][e`]Send buffer command error! Auto retry.
[2016-10-20 16:35:21][e`]Send buffer command error! Auto retry.
[2016-10-20 16:35:21][e`]Send buffer command error! Auto retry.
[2016-10-20 16:35:22][e`]Send buffer command error! Auto retry.
[2016-10-20 16:35:22][e`]Send buffer command error! Auto retry.
[2016-10-20 16:35:22][e`]Send buffer command error! Auto retry.
[2016-10-20 16:35:22][e`]Send buffer command error! Auto retry.
[2016-10-20 16:35:22][e`]Send buffer command error! Auto retry.
[2016-10-20 16:35:22][e`]Send buffer command error! Auto retry.
[2016-10-20 16:35:22][e`]Send buffer command error! Auto retry.
[2016-10-20 16:35:22][e`]Send buffer command error! Auto retry.
[2016-10-20 16:35:23][e`]Send buffer command error! Auto retry.
[2016-10-20 16:35:23][e`]Send buffer command error! Auto retry.
[2016-10-20 16:35:23][e`]Send buffer command error! Auto retry.
[2016-10-20 16:35:23][e`]Send buffer command error! Auto retry.
[2016-10-20 16:35:23][e`]Send buffer command error! Auto retry.
[2016-10-20 16:35:23][e`]Send buffer command error! Auto retry.
[2016-10-20 16:35:23][e`]Send buffer command error! Auto retry.
[2016-10-20 16:35:23][e`]Send buffer command error! Auto retry.
[2016-10-20 16:35:24][e`]Send buffer command error! Auto retry.
[2016-10-20 16:35:24][e`]Send buffer command error! Auto retry.
[2016-10-20 16:35:24][e`]Send buffer command error! Auto retry.
[2016-10-20 16:35:24][e`]Send buffer command error! Auto retry.
[2016-10-20 16:35:24][e`]Send buffer command error! Auto retry.
[2016-10-20 16:35:24][e`]Send buffer command error! Auto retry.
[2016-10-20 16:35:24][e`]Send buffer command error! Auto retry.
[2016-10-20 16:35:24][e`]Send buffer command error! Auto retry.
[2016-10-20 16:35:25][e`]Send buffer command error! Auto retry.
[2016-10-20 16:35:25][e`]Send buffer command error! Auto retry.
[2016-10-20 16:35:25][e`]Send buffer command error! Auto retry.
[2016-10-20 16:35:25][e`]Send buffer command error! Auto retry.
[2016-10-20 16:35:25][e`]Send buffer command error! Auto retry.
[2016-10-20 16:35:25][e`]Send buffer command error! Auto retry.
[2016-10-20 16:35:25][e`]Send buffer command error! Auto retry.
[2016-10-20 16:35:25][e`]Send buffer command error! Auto retry.
[2016-10-20 16:35:26][e`]Send buffer command error! Auto retry.
[2016-10-20 16:35:26][e`]Send buffer command error! Auto retry.
[2016-10-20 16:35:26][e`]Send buffer command error! Auto retry.
[2016-10-20 16:35:26][e`]Send buffer command error! Auto retry.
[2016-10-20 16:35:26][e`]Send buffer command error! Auto retry.
[2016-10-20 16:35:26][e`]Send buffer command error! Auto retry.
[2016-10-20 16:35:26][e`]Send buffer command error! Auto retry.
[2016-10-20 16:35:26][e`]Send buffer command error! Auto retry.
[2016-10-20 16:35:27][e`]Send buffer command error! Auto retry.
[2016-10-20 16:35:27][e`]Send buffer command error! Auto retry.
[2016-10-20 16:35:27][e`]Send buffer command error! Auto retry.
[2016-10-20 16:35:27][e`]Send buffer command error! Auto retry.
[2016-10-20 16:35:27][e`]Send buffer command error! Auto retry.
[2016-10-20 16:35:27][e`]Send buffer command error! Auto retry.
[2016-10-20 16:35:27][e`]Send buffer command error! Auto retry.
[2016-10-20 16:35:27][e`]Send buffer command error! Auto retry.
[2016-10-20 16:35:28][e`]Send buffer command error! Auto retry.
[2016-10-20 16:35:28][e`]Send buffer command error! Auto retry.
[2016-10-20 16:35:28][e`]Send buffer command error! Auto retry.
[2016-10-20 16:35:28][e`]Send buffer command error! Auto retry.
[2016-10-20 16:35:28][e`]Send buffer command error! Auto retry.
[2016-10-20 16:35:28][e`]Send buffer command error! Auto retry.
[2016-10-20 16:35:28][e`]Send buffer command error! Auto retry.
[2016-10-20 16:35:28][e`]Send buffer command error! Auto retry.
[2016-10-20 16:35:29][e`]Send buffer command error! Auto retry.
[2016-10-20 16:35:29][e`]Send buffer command error! Auto retry.
[2016-10-20 16:35:29][e`]Send buffer command error! Auto retry.
[2016-10-20 16:35:29][操作T]Buffer Command: <OperatorActionLog>.
[2016-10-20 16:35:30][e`]Send buffer command error! Auto retry.
[2016-10-20 16:35:30][系y]System normal exit.
[2016-10-20 16:35:30][系y]^^^^^^^^^^^^^^^^^^^^^^^^^^^^^^^^^^^^^^^^^^^^^^^^^^
