[2016-09-27 09:12:43][系y]System initialize
[2016-09-27 09:12:43][系y]Socket Listen start Successful.
[2016-09-27 09:12:44][e`]Send buffer command error! Auto retry.
[2016-09-27 09:12:44][e`]Send buffer command error! Auto retry.
[2016-09-27 09:12:44][e`]Send buffer command error! Auto retry.
[2016-09-27 09:12:44][e`]Send buffer command error! Auto retry.
[2016-09-27 09:12:44][e`]Send buffer command error! Auto retry.
[2016-09-27 09:12:45][e`]Send buffer command error! Auto retry.
[2016-09-27 09:12:45][e`]Send buffer command error! Auto retry.
[2016-09-27 09:12:45][e`]Send buffer command error! Auto retry.
[2016-09-27 09:12:45][e`]Send buffer command error! Auto retry.
[2016-09-27 09:12:45][e`]Send buffer command error! Auto retry.
[2016-09-27 09:12:45][e`]Send buffer command error! Auto retry.
[2016-09-27 09:12:45][e`]Send buffer command error! Auto retry.
[2016-09-27 09:12:45][e`]Send buffer command error! Auto retry.
[2016-09-27 09:12:46][e`]Send buffer command error! Auto retry.
[2016-09-27 09:12:46][e`]Send buffer command error! Auto retry.
[2016-09-27 09:12:46][e`]Send buffer command error! Auto retry.
[2016-09-27 09:12:46][e`]Send buffer command error! Auto retry.
[2016-09-27 09:12:46][e`]Send buffer command error! Auto retry.
[2016-09-27 09:12:46][e`]Send buffer command error! Auto retry.
[2016-09-27 09:12:46][e`]Send buffer command error! Auto retry.
[2016-09-27 09:12:46][e`]Send buffer command error! Auto retry.
[2016-09-27 09:12:47][e`]Send buffer command error! Auto retry.
[2016-09-27 09:12:47][e`]Send buffer command error! Auto retry.
[2016-09-27 09:12:47][e`]Send buffer command error! Auto retry.
[2016-09-27 09:12:47][e`]Send buffer command error! Auto retry.
[2016-09-27 09:12:47][e`]Send buffer command error! Auto retry.
[2016-09-27 09:12:47][e`]Send buffer command error! Auto retry.
[2016-09-27 09:12:47][e`]Send buffer command error! Auto retry.
[2016-09-27 09:12:47][e`]Send buffer command error! Auto retry.
[2016-09-27 09:12:48][e`]Send buffer command error! Auto retry.
[2016-09-27 09:12:48][e`]Send buffer command error! Auto retry.
[2016-09-27 09:12:48][e`]Send buffer command error! Auto retry.
[2016-09-27 09:12:48][e`]Send buffer command error! Auto retry.
[2016-09-27 09:12:48][e`]Send buffer command error! Auto retry.
[2016-09-27 09:12:48][e`]Send buffer command error! Auto retry.
[2016-09-27 09:12:48][e`]Send buffer command error! Auto retry.
[2016-09-27 09:12:48][e`]Send buffer command error! Auto retry.
[2016-09-27 09:12:49][系y]login by "NORVASEA","X65536"
[2016-09-27 09:12:49][系y]Login successful.
[2016-09-27 09:12:49][e`]Send buffer command error! Auto retry.
[2016-09-27 09:12:49][e`]Send buffer command error! Auto retry.
[2016-09-27 09:12:49][e`]Send buffer command error! Auto retry.
[2016-09-27 09:12:49][e`]Send buffer command error! Auto retry.
[2016-09-27 09:12:49][e`]Send buffer command error! Auto retry.
[2016-09-27 09:12:49][e`]Send buffer command error! Auto retry.
[2016-09-27 09:12:49][e`]Send buffer command error! Auto retry.
[2016-09-27 09:12:49][e`]Send buffer command error! Auto retry.
[2016-09-27 09:12:50][e`]Send buffer command error! Auto retry.
[2016-09-27 09:12:50][e`]Send buffer command error! Auto retry.
[2016-09-27 09:12:50][e`]Send buffer command error! Auto retry.
[2016-09-27 09:12:50][e`]Send buffer command error! Auto retry.
[2016-09-27 09:12:50][e`]Send buffer command error! Auto retry.
[2016-09-27 09:12:50][e`]Send buffer command error! Auto retry.
[2016-09-27 09:12:50][e`]Send buffer command error! Auto retry.
[2016-09-27 09:12:50][e`]Send buffer command error! Auto retry.
[2016-09-27 09:12:51][e`]Send buffer command error! Auto retry.
[2016-09-27 09:12:51][e`]Send buffer command error! Auto retry.
[2016-09-27 09:12:51][e`]Send buffer command error! Auto retry.
[2016-09-27 09:12:51][e`]Send buffer command error! Auto retry.
[2016-09-27 09:12:51][e`]Send buffer command error! Auto retry.
[2016-09-27 09:12:51][e`]Send buffer command error! Auto retry.
[2016-09-27 09:12:51][e`]Send buffer command error! Auto retry.
[2016-09-27 09:12:51][e`]Send buffer command error! Auto retry.
[2016-09-27 09:12:52][e`]Send buffer command error! Auto retry.
[2016-09-27 09:12:52][e`]Send buffer command error! Auto retry.
[2016-09-27 09:12:52][e`]Send buffer command error! Auto retry.
[2016-09-27 09:12:52][e`]Send buffer command error! Auto retry.
[2016-09-27 09:12:52][e`]Send buffer command error! Auto retry.
[2016-09-27 09:12:52][e`]Send buffer command error! Auto retry.
[2016-09-27 09:12:52][e`]Send buffer command error! Auto retry.
[2016-09-27 09:12:52][e`]Send buffer command error! Auto retry.
[2016-09-27 09:12:53][e`]Send buffer command error! Auto retry.
[2016-09-27 09:12:53][e`]Send buffer command error! Auto retry.
[2016-09-27 09:12:53][e`]Send buffer command error! Auto retry.
[2016-09-27 09:12:53][e`]Send buffer command error! Auto retry.
[2016-09-27 09:12:53][e`]Send buffer command error! Auto retry.
[2016-09-27 09:12:53][e`]Send buffer command error! Auto retry.
[2016-09-27 09:12:53][e`]Send buffer command error! Auto retry.
[2016-09-27 09:12:53][e`]Send buffer command error! Auto retry.
[2016-09-27 09:12:54][e`]Send buffer command error! Auto retry.
[2016-09-27 09:12:54][e`]Send buffer command error! Auto retry.
[2016-09-27 09:12:54][e`]Send buffer command error! Auto retry.
[2016-09-27 09:12:54][操作T]Buffer Command: <OperatorActionLog>.
[2016-09-27 09:12:54][e`]Send buffer command error! Auto retry.
[2016-09-27 09:12:54][系y]System normal exit.
[2016-09-27 09:12:54][系y]^^^^^^^^^^^^^^^^^^^^^^^^^^^^^^^^^^^^^^^^^^^^^^^^^^
[2016-09-27 09:13:22][系y]System initialize
[2016-09-27 09:13:22][系y]Socket Listen start Successful.
[2016-09-27 09:13:23][e`]Send buffer command error! Auto retry.
[2016-09-27 09:13:23][e`]Send buffer command error! Auto retry.
[2016-09-27 09:13:23][e`]Send buffer command error! Auto retry.
[2016-09-27 09:13:23][e`]Send buffer command error! Auto retry.
[2016-09-27 09:13:23][e`]Send buffer command error! Auto retry.
[2016-09-27 09:13:23][e`]Send buffer command error! Auto retry.
[2016-09-27 09:13:23][e`]Send buffer command error! Auto retry.
[2016-09-27 09:13:23][e`]Send buffer command error! Auto retry.
[2016-09-27 09:13:23][系y]login by "NORVASEA","X65536"
[2016-09-27 09:13:23][系y]Login successful.
[2016-09-27 09:13:24][e`]Send buffer command error! Auto retry.
[2016-09-27 09:13:24][e`]Send buffer command error! Auto retry.
[2016-09-27 09:13:24][e`]Send buffer command error! Auto retry.
[2016-09-27 09:13:24][e`]Send buffer command error! Auto retry.
[2016-09-27 09:13:24][e`]Send buffer command error! Auto retry.
[2016-09-27 09:13:24][e`]Send buffer command error! Auto retry.
[2016-09-27 09:13:24][e`]Send buffer command error! Auto retry.
[2016-09-27 09:13:24][e`]Send buffer command error! Auto retry.
[2016-09-27 09:13:25][e`]Send buffer command error! Auto retry.
[2016-09-27 09:13:25][e`]Send buffer command error! Auto retry.
[2016-09-27 09:13:25][e`]Send buffer command error! Auto retry.
[2016-09-27 09:13:25][e`]Send buffer command error! Auto retry.
[2016-09-27 09:13:25][e`]Send buffer command error! Auto retry.
[2016-09-27 09:13:25][e`]Send buffer command error! Auto retry.
[2016-09-27 09:13:25][e`]Send buffer command error! Auto retry.
[2016-09-27 09:13:25][e`]Send buffer command error! Auto retry.
[2016-09-27 09:13:26][e`]Send buffer command error! Auto retry.
[2016-09-27 09:13:26][e`]Send buffer command error! Auto retry.
[2016-09-27 09:13:26][e`]Send buffer command error! Auto retry.
[2016-09-27 09:13:26][e`]Send buffer command error! Auto retry.
[2016-09-27 09:13:26][e`]Send buffer command error! Auto retry.
[2016-09-27 09:13:26][e`]Send buffer command error! Auto retry.
[2016-09-27 09:13:26][e`]Send buffer command error! Auto retry.
[2016-09-27 09:13:26][e`]Send buffer command error! Auto retry.
[2016-09-27 09:13:27][e`]Send buffer command error! Auto retry.
[2016-09-27 09:13:27][e`]Send buffer command error! Auto retry.
[2016-09-27 09:13:27][e`]Send buffer command error! Auto retry.
[2016-09-27 09:13:27][e`]Send buffer command error! Auto retry.
[2016-09-27 09:13:27][e`]Send buffer command error! Auto retry.
[2016-09-27 09:13:27][e`]Send buffer command error! Auto retry.
[2016-09-27 09:13:27][e`]Send buffer command error! Auto retry.
[2016-09-27 09:13:27][e`]Send buffer command error! Auto retry.
[2016-09-27 09:13:28][e`]Send buffer command error! Auto retry.
[2016-09-27 09:13:28][e`]Send buffer command error! Auto retry.
[2016-09-27 09:13:28][e`]Send buffer command error! Auto retry.
[2016-09-27 09:13:28][e`]Send buffer command error! Auto retry.
[2016-09-27 09:13:28][e`]Send buffer command error! Auto retry.
[2016-09-27 09:13:28][e`]Send buffer command error! Auto retry.
[2016-09-27 09:13:28][e`]Send buffer command error! Auto retry.
[2016-09-27 09:13:28][e`]Send buffer command error! Auto retry.
[2016-09-27 09:13:29][e`]Send buffer command error! Auto retry.
[2016-09-27 09:13:29][e`]Send buffer command error! Auto retry.
[2016-09-27 09:13:29][e`]Send buffer command error! Auto retry.
[2016-09-27 09:13:29][操作T]Buffer Command: <OperatorActionLog>.
[2016-09-27 09:13:29][e`]Send buffer command error! Auto retry.
[2016-09-27 09:13:29][系y]System normal exit.
[2016-09-27 09:13:29][系y]^^^^^^^^^^^^^^^^^^^^^^^^^^^^^^^^^^^^^^^^^^^^^^^^^^
[2016-09-27 10:18:20][系y]System initialize
[2016-09-27 10:18:20][系y]Socket Listen start Successful.
[2016-09-27 10:18:20][e`]Send buffer command error! Auto retry.
[2016-09-27 10:18:20][e`]Send buffer command error! Auto retry.
[2016-09-27 10:18:20][e`]Send buffer command error! Auto retry.
[2016-09-27 10:18:20][e`]Send buffer command error! Auto retry.
[2016-09-27 10:18:20][e`]Send buffer command error! Auto retry.
[2016-09-27 10:18:21][e`]Send buffer command error! Auto retry.
[2016-09-27 10:18:21][e`]Send buffer command error! Auto retry.
[2016-09-27 10:18:21][e`]Send buffer command error! Auto retry.
[2016-09-27 10:18:21][系y]login by "NORVASEA","X65536"
[2016-09-27 10:18:21][系y]Login successful.
[2016-09-27 10:18:21][e`]Send buffer command error! Auto retry.
[2016-09-27 10:18:21][e`]Send buffer command error! Auto retry.
[2016-09-27 10:18:21][e`]Send buffer command error! Auto retry.
[2016-09-27 10:18:21][e`]Send buffer command error! Auto retry.
[2016-09-27 10:18:21][e`]Send buffer command error! Auto retry.
[2016-09-27 10:18:22][e`]Send buffer command error! Auto retry.
[2016-09-27 10:18:22][e`]Send buffer command error! Auto retry.
[2016-09-27 10:18:22][e`]Send buffer command error! Auto retry.
[2016-09-27 10:18:22][e`]Send buffer command error! Auto retry.
[2016-09-27 10:18:22][e`]Send buffer command error! Auto retry.
[2016-09-27 10:18:22][e`]Send buffer command error! Auto retry.
[2016-09-27 10:18:22][e`]Send buffer command error! Auto retry.
[2016-09-27 10:18:22][e`]Send buffer command error! Auto retry.
[2016-09-27 10:18:23][e`]Send buffer command error! Auto retry.
[2016-09-27 10:18:23][e`]Send buffer command error! Auto retry.
[2016-09-27 10:18:23][e`]Send buffer command error! Auto retry.
[2016-09-27 10:18:23][e`]Send buffer command error! Auto retry.
[2016-09-27 10:18:23][e`]Send buffer command error! Auto retry.
[2016-09-27 10:18:23][e`]Send buffer command error! Auto retry.
[2016-09-27 10:18:23][e`]Send buffer command error! Auto retry.
[2016-09-27 10:18:23][e`]Send buffer command error! Auto retry.
[2016-09-27 10:18:24][e`]Send buffer command error! Auto retry.
[2016-09-27 10:18:24][e`]Send buffer command error! Auto retry.
[2016-09-27 10:18:24][e`]Send buffer command error! Auto retry.
[2016-09-27 10:18:24][e`]Send buffer command error! Auto retry.
[2016-09-27 10:18:24][e`]Send buffer command error! Auto retry.
[2016-09-27 10:18:24][e`]Send buffer command error! Auto retry.
[2016-09-27 10:18:24][e`]Send buffer command error! Auto retry.
[2016-09-27 10:18:24][e`]Send buffer command error! Auto retry.
[2016-09-27 10:18:25][e`]Send buffer command error! Auto retry.
[2016-09-27 10:18:25][e`]Send buffer command error! Auto retry.
[2016-09-27 10:18:25][e`]Send buffer command error! Auto retry.
[2016-09-27 10:18:25][e`]Send buffer command error! Auto retry.
[2016-09-27 10:18:25][e`]Send buffer command error! Auto retry.
[2016-09-27 10:18:25][e`]Send buffer command error! Auto retry.
[2016-09-27 10:18:25][e`]Send buffer command error! Auto retry.
[2016-09-27 10:18:25][e`]Send buffer command error! Auto retry.
[2016-09-27 10:18:26][e`]Send buffer command error! Auto retry.
[2016-09-27 10:18:26][e`]Send buffer command error! Auto retry.
[2016-09-27 10:18:26][e`]Send buffer command error! Auto retry.
[2016-09-27 10:18:26][e`]Send buffer command error! Auto retry.
[2016-09-27 10:18:26][e`]Send buffer command error! Auto retry.
[2016-09-27 10:18:26][e`]Send buffer command error! Auto retry.
[2016-09-27 10:18:26][e`]Send buffer command error! Auto retry.
[2016-09-27 10:18:26][e`]Send buffer command error! Auto retry.
[2016-09-27 10:18:27][e`]Send buffer command error! Auto retry.
[2016-09-27 10:18:27][e`]Send buffer command error! Auto retry.
[2016-09-27 10:18:27][e`]Send buffer command error! Auto retry.
[2016-09-27 10:18:27][e`]Send buffer command error! Auto retry.
[2016-09-27 10:18:27][e`]Send buffer command error! Auto retry.
[2016-09-27 10:18:27][e`]Send buffer command error! Auto retry.
[2016-09-27 10:18:27][e`]Send buffer command error! Auto retry.
[2016-09-27 10:18:27][e`]Send buffer command error! Auto retry.
[2016-09-27 10:18:28][e`]Send buffer command error! Auto retry.
[2016-09-27 10:18:28][e`]Send buffer command error! Auto retry.
[2016-09-27 10:18:28][e`]Send buffer command error! Auto retry.
[2016-09-27 10:18:28][e`]Send buffer command error! Auto retry.
[2016-09-27 10:18:28][e`]Send buffer command error! Auto retry.
[2016-09-27 10:18:28][e`]Send buffer command error! Auto retry.
[2016-09-27 10:18:28][e`]Send buffer command error! Auto retry.
[2016-09-27 10:18:28][e`]Send buffer command error! Auto retry.
[2016-09-27 10:18:29][e`]Send buffer command error! Auto retry.
[2016-09-27 10:18:29][e`]Send buffer command error! Auto retry.
[2016-09-27 10:18:29][e`]Send buffer command error! Auto retry.
[2016-09-27 10:18:29][e`]Send buffer command error! Auto retry.
[2016-09-27 10:18:29][e`]Send buffer command error! Auto retry.
[2016-09-27 10:18:29][e`]Send buffer command error! Auto retry.
[2016-09-27 10:18:29][e`]Send buffer command error! Auto retry.
[2016-09-27 10:18:29][e`]Send buffer command error! Auto retry.
[2016-09-27 10:18:30][e`]Send buffer command error! Auto retry.
[2016-09-27 10:18:30][e`]Send buffer command error! Auto retry.
[2016-09-27 10:18:30][e`]Send buffer command error! Auto retry.
[2016-09-27 10:18:30][e`]Send buffer command error! Auto retry.
[2016-09-27 10:18:30][e`]Send buffer command error! Auto retry.
[2016-09-27 10:18:30][e`]Send buffer command error! Auto retry.
[2016-09-27 10:18:30][e`]Send buffer command error! Auto retry.
[2016-09-27 10:18:30][e`]Send buffer command error! Auto retry.
[2016-09-27 10:18:31][e`]Send buffer command error! Auto retry.
[2016-09-27 10:18:31][e`]Send buffer command error! Auto retry.
[2016-09-27 10:18:31][e`]Send buffer command error! Auto retry.
[2016-09-27 10:18:31][e`]Send buffer command error! Auto retry.
[2016-09-27 10:18:31][e`]Send buffer command error! Auto retry.
[2016-09-27 10:18:31][e`]Send buffer command error! Auto retry.
[2016-09-27 10:18:31][e`]Send buffer command error! Auto retry.
[2016-09-27 10:18:31][e`]Send buffer command error! Auto retry.
[2016-09-27 10:18:32][e`]Send buffer command error! Auto retry.
[2016-09-27 10:18:32][e`]Send buffer command error! Auto retry.
[2016-09-27 10:18:32][e`]Send buffer command error! Auto retry.
[2016-09-27 10:18:32][e`]Send buffer command error! Auto retry.
[2016-09-27 10:18:32][e`]Send buffer command error! Auto retry.
[2016-09-27 10:18:32][e`]Send buffer command error! Auto retry.
[2016-09-27 10:18:32][e`]Send buffer command error! Auto retry.
[2016-09-27 10:18:32][e`]Send buffer command error! Auto retry.
[2016-09-27 10:18:33][e`]Send buffer command error! Auto retry.
[2016-09-27 10:18:33][e`]Send buffer command error! Auto retry.
[2016-09-27 10:18:33][e`]Send buffer command error! Auto retry.
[2016-09-27 10:18:33][e`]Send buffer command error! Auto retry.
[2016-09-27 10:18:33][e`]Send buffer command error! Auto retry.
[2016-09-27 10:18:33][e`]Send buffer command error! Auto retry.
[2016-09-27 10:18:33][e`]Send buffer command error! Auto retry.
[2016-09-27 10:18:33][操作T]Buffer Command: <OperatorActionLog>.
[2016-09-27 10:18:33][e`]Send buffer command error! Auto retry.
[2016-09-27 10:18:34][系y]System normal exit.
[2016-09-27 10:18:34][系y]^^^^^^^^^^^^^^^^^^^^^^^^^^^^^^^^^^^^^^^^^^^^^^^^^^
[2016-09-27 10:19:37][系y]System initialize
[2016-09-27 10:19:37][系y]Socket Listen start Successful.
[2016-09-27 10:19:37][e`]Send buffer command error! Auto retry.
[2016-09-27 10:19:37][e`]Send buffer command error! Auto retry.
[2016-09-27 10:19:37][e`]Send buffer command error! Auto retry.
[2016-09-27 10:19:37][e`]Send buffer command error! Auto retry.
[2016-09-27 10:19:38][e`]Send buffer command error! Auto retry.
[2016-09-27 10:19:38][e`]Send buffer command error! Auto retry.
[2016-09-27 10:19:38][e`]Send buffer command error! Auto retry.
[2016-09-27 10:19:38][e`]Send buffer command error! Auto retry.
[2016-09-27 10:19:38][e`]Send buffer command error! Auto retry.
[2016-09-27 10:19:38][系y]login by "NORVASEA","X65536"
[2016-09-27 10:19:38][系y]Login successful.
[2016-09-27 10:19:38][e`]Send buffer command error! Auto retry.
[2016-09-27 10:19:38][e`]Send buffer command error! Auto retry.
[2016-09-27 10:19:38][e`]Send buffer command error! Auto retry.
[2016-09-27 10:19:38][e`]Send buffer command error! Auto retry.
[2016-09-27 10:19:39][e`]Send buffer command error! Auto retry.
[2016-09-27 10:19:39][e`]Send buffer command error! Auto retry.
[2016-09-27 10:19:39][e`]Send buffer command error! Auto retry.
[2016-09-27 10:19:39][e`]Send buffer command error! Auto retry.
[2016-09-27 10:19:39][e`]Send buffer command error! Auto retry.
[2016-09-27 10:19:39][e`]Send buffer command error! Auto retry.
[2016-09-27 10:19:39][e`]Send buffer command error! Auto retry.
[2016-09-27 10:19:39][e`]Send buffer command error! Auto retry.
[2016-09-27 10:19:39][e`]Send buffer command error! Auto retry.
[2016-09-27 10:19:40][e`]Send buffer command error! Auto retry.
[2016-09-27 10:19:40][e`]Send buffer command error! Auto retry.
[2016-09-27 10:19:40][e`]Send buffer command error! Auto retry.
[2016-09-27 10:19:40][e`]Send buffer command error! Auto retry.
[2016-09-27 10:19:40][e`]Send buffer command error! Auto retry.
[2016-09-27 10:19:40][e`]Send buffer command error! Auto retry.
[2016-09-27 10:19:40][e`]Send buffer command error! Auto retry.
[2016-09-27 10:19:40][e`]Send buffer command error! Auto retry.
[2016-09-27 10:19:41][e`]Send buffer command error! Auto retry.
[2016-09-27 10:19:41][e`]Send buffer command error! Auto retry.
[2016-09-27 10:19:41][e`]Send buffer command error! Auto retry.
[2016-09-27 10:19:41][e`]Send buffer command error! Auto retry.
[2016-09-27 10:19:41][e`]Send buffer command error! Auto retry.
[2016-09-27 10:19:41][e`]Send buffer command error! Auto retry.
[2016-09-27 10:19:41][e`]Send buffer command error! Auto retry.
[2016-09-27 10:19:41][e`]Send buffer command error! Auto retry.
[2016-09-27 10:19:42][e`]Send buffer command error! Auto retry.
[2016-09-27 10:19:42][e`]Send buffer command error! Auto retry.
[2016-09-27 10:19:42][e`]Send buffer command error! Auto retry.
[2016-09-27 10:19:42][操作T]Buffer Command: <OperatorActionLog>.
[2016-09-27 10:19:42][e`]Send buffer command error! Auto retry.
[2016-09-27 10:19:42][系y]System normal exit.
[2016-09-27 10:19:42][系y]^^^^^^^^^^^^^^^^^^^^^^^^^^^^^^^^^^^^^^^^^^^^^^^^^^
